Log file open, 10/17/19 10:50:04
LogWindows: Failed to load 'aqProf.dll' (GetLastError=126)
LogWindows: File 'aqProf.dll' does not exist
LogWindows: Failed to load 'VtuneApi.dll' (GetLastError=126)
LogWindows: File 'VtuneApi.dll' does not exist
LogWindows: Failed to load 'VtuneApi32e.dll' (GetLastError=126)
LogWindows: File 'VtuneApi32e.dll' does not exist
LogConsoleResponse: Display: Failed to find resolution value strings in scalability ini. Falling back to default.
LogInit: Display: Running engine for game: RenderLearn423
LogPlatformFile: Not using cached read wrapper
LogTaskGraph: Started task graph with 5 named threads and 23 total threads with 3 sets of task threads.
LogStats: Stats thread started at 0.189666
LogD3D11RHI: Loaded GFSDK_Aftermath_Lib.x64.dll
LogICUInternationalization: ICU TimeZone Detection - Raw Offset: +8:00, Platform Override: ''
LogPluginManager: Mounting plugin Paper2D
LogPluginManager: Mounting plugin AISupport
LogPluginManager: Mounting plugin LightPropagationVolume
LogPluginManager: Mounting plugin ActorLayerUtilities
LogPluginManager: Mounting plugin AnimationSharing
LogPluginManager: Mounting plugin CLionSourceCodeAccess
LogPluginManager: Mounting plugin CodeLiteSourceCodeAccess
LogPluginManager: Mounting plugin GitSourceControl
LogPluginManager: Mounting plugin KDevelopSourceCodeAccess
LogPluginManager: Mounting plugin NullSourceCodeAccess
LogPluginManager: Mounting plugin PerforceSourceControl
LogPluginManager: Mounting plugin RenderDocPlugin
LogPluginManager: Mounting plugin SubversionSourceControl
LogPluginManager: Mounting plugin UObjectPlugin
LogPluginManager: Mounting plugin VisualStudioCodeSourceCodeAccess
LogPluginManager: Mounting plugin VisualStudioSourceCodeAccess
LogPluginManager: Mounting plugin XCodeSourceCodeAccess
LogPluginManager: Mounting plugin AssetManagerEditor
LogPluginManager: Mounting plugin CryptoKeys
LogPluginManager: Mounting plugin CurveEditorTools
LogPluginManager: Mounting plugin DataValidation
LogPluginManager: Mounting plugin FacialAnimation
LogPluginManager: Mounting plugin GameplayTagsEditor
LogPluginManager: Mounting plugin MacGraphicsSwitching
LogPluginManager: Mounting plugin MaterialAnalyzer
LogPluginManager: Mounting plugin MobileLauncherProfileWizard
LogPluginManager: Mounting plugin PluginBrowser
LogPluginManager: Mounting plugin SpeedTreeImporter
LogPluginManager: Mounting plugin DatasmithContent
LogPluginManager: Mounting plugin VariantManagerContent
LogPluginManager: Mounting plugin AlembicImporter
LogPluginManager: Mounting plugin AutomationUtils
LogPluginManager: Mounting plugin BackChannel
LogPluginManager: Mounting plugin CharacterAI
LogPluginManager: Mounting plugin GeometryCache
LogPluginManager: Mounting plugin HTML5Networking
LogPluginManager: Mounting plugin PlatformCrypto
LogPluginManager: Mounting plugin ProxyLODPlugin
LogPluginManager: Mounting plugin SkeletalReduction
LogPluginManager: Mounting plugin MagicLeap
LogPluginManager: Mounting plugin MagicLeapMedia
LogPluginManager: Mounting plugin AndroidMedia
LogPluginManager: Mounting plugin AvfMedia
LogPluginManager: Mounting plugin ImgMedia
LogPluginManager: Mounting plugin MediaCompositing
LogPluginManager: Mounting plugin MediaPlayerEditor
LogPluginManager: Mounting plugin WebMMedia
LogPluginManager: Mounting plugin WmfMedia
LogPluginManager: Mounting plugin TcpMessaging
LogPluginManager: Mounting plugin UdpMessaging
LogPluginManager: Mounting plugin ActorSequence
LogPluginManager: Mounting plugin LevelSequenceEditor
LogPluginManager: Mounting plugin MatineeToLevelSequence
LogPluginManager: Mounting plugin NetcodeUnitTest
LogPluginManager: Mounting plugin NUTUnrealEngine4
LogPluginManager: Mounting plugin OnlineSubsystemGooglePlay
LogPluginManager: Mounting plugin OnlineSubsystemIOS
LogPluginManager: Mounting plugin OnlineSubsystem
LogPluginManager: Mounting plugin OnlineSubsystemNull
LogPluginManager: Mounting plugin OnlineSubsystemUtils
LogPluginManager: Mounting plugin LauncherChunkInstaller
LogPluginManager: Mounting plugin AndroidDeviceProfileSelector
LogPluginManager: Mounting plugin AndroidMoviePlayer
LogPluginManager: Mounting plugin AndroidPermission
LogPluginManager: Mounting plugin AppleImageUtils
LogPluginManager: Mounting plugin AppleMoviePlayer
LogPluginManager: Mounting plugin ArchVisCharacter
LogPluginManager: Mounting plugin AudioCapture
LogPluginManager: Mounting plugin CableComponent
LogPluginManager: Mounting plugin CustomMeshComponent
LogPluginManager: Mounting plugin EditableMesh
LogPluginManager: Mounting plugin ExampleDeviceProfileSelector
LogPluginManager: Mounting plugin GoogleCloudMessaging
LogPluginManager: Mounting plugin IOSDeviceProfileSelector
LogPluginManager: Mounting plugin LinuxDeviceProfileSelector
LogPluginManager: Mounting plugin LocationServicesBPLibrary
LogPluginManager: Mounting plugin MobilePatchingUtils
LogPluginManager: Mounting plugin OculusVR
LogPluginManager: Mounting plugin PhysXVehicles
LogPluginManager: Mounting plugin ProceduralMeshComponent
LogPluginManager: Mounting plugin RuntimePhysXCooking
LogPluginManager: Mounting plugin SignificanceManager
LogPluginManager: Mounting plugin SteamVR
LogPluginManager: Mounting plugin WebMMoviePlayer
LogPluginManager: Mounting plugin WindowsMoviePlayer
LogPluginManager: Mounting plugin ScreenshotTools
LogPluginManager: Mounting plugin TestShader
RenderDocPlugin: locating RenderDoc library (renderdoc.dll)...
LogConfig: Applying CVar settings from Section [/Script/RenderDocPlugin.RenderDocPluginSettings] File [F:/UnrealProj/RenderLearn423/Saved/Config/Windows/Engine.ini]
RenderDocPlugin: a RenderDoc library has been located at: C:\Program Files\RenderDoc/renderdoc.dll
RenderDocPlugin: RenderDoc library has been loaded (RenderDoc API v1.4.0).
RenderDocPlugin: plugin has been loaded successfully.
RenderDocPlugin: RenderDoc plugin is ready!
LogInit: Using libcurl 7.55.1-DEV
LogInit:  - built for x86_64-pc-win32
LogInit:  - supports SSL with OpenSSL/1.1.1
LogInit:  - supports HTTP deflate (compression) using libz 1.2.8
LogInit:  - other features:
LogInit:      CURL_VERSION_SSL
LogInit:      CURL_VERSION_LIBZ
LogInit:      CURL_VERSION_IPV6
LogInit:      CURL_VERSION_ASYNCHDNS
LogInit:      CURL_VERSION_LARGEFILE
LogInit:      CURL_VERSION_IDN
LogInit:  CurlRequestOptions (configurable via config and command line):
LogInit:  - bVerifyPeer = true  - Libcurl will verify peer certificate
LogInit:  - bUseHttpProxy = false  - Libcurl will NOT use HTTP proxy
LogInit:  - bDontReuseConnections = false  - Libcurl will reuse connections
LogInit:  - MaxHostConnections = 16  - Libcurl will limit the number of connections to a host
LogInit:  - LocalHostAddr = Default
LogInit:  - BufferSize = 65536
LogOnline: OSS: Creating online subsystem instance for: NULL
LogInit: WinSock: version 1.1 (2.2), MaxSocks=32767, MaxUdp=65467
LogInit: Build: ++UE4+Release-4.23-CL-0
LogInit: Engine Version: 4.23.0-0+++UE4+Release-4.23
LogInit: Compatible Engine Version: 4.23.0-0+++UE4+Release-4.23
LogInit: Net CL: 0
LogInit: OS: Windows 10 (Release 1803) (), CPU: Intel(R) Core(TM) i7-7700 CPU @ 3.60GHz, GPU: NVIDIA GeForce GTX 1050
LogInit: Compiled (64-bit): Sep 26 2019 14:58:41
LogInit: Compiled with Visual C++: 19.16.27034.00
LogInit: Build Configuration: Development
LogInit: Branch Name: ++UE4+Release-4.23
LogInit: Command Line:  -skipcompile
LogInit: Base Directory: F:/UnrealEngine/Engine/Binaries/Win64/
LogInit: Installed Engine Build: 0
LogDevObjectVersion: Number of dev versions registered: 23
LogDevObjectVersion:   Dev-Blueprints (B0D832E4-1F89-4F0D-ACCF-7EB736FD4AA2): 10
LogDevObjectVersion:   Dev-Build (E1C64328-A22C-4D53-A36C-8E866417BD8C): 0
LogDevObjectVersion:   Dev-Core (375EC13C-06E4-48FB-B500-84F0262A717E): 3
LogDevObjectVersion:   Dev-Editor (E4B068ED-F494-42E9-A231-DA0B2E46BB41): 34
LogDevObjectVersion:   Dev-Framework (CFFC743F-43B0-4480-9391-14DF171D2073): 35
LogDevObjectVersion:   Dev-Mobile (B02B49B5-BB20-44E9-A304-32B752E40360): 2
LogDevObjectVersion:   Dev-Networking (A4E4105C-59A1-49B5-A7C5-40C4547EDFEE): 0
LogDevObjectVersion:   Dev-Online (39C831C9-5AE6-47DC-9A44-9C173E1C8E7C): 0
LogDevObjectVersion:   Dev-Physics (78F01B33-EBEA-4F98-B9B4-84EACCB95AA2): 0
LogDevObjectVersion:   Dev-Platform (6631380F-2D4D-43E0-8009-CF276956A95A): 0
LogDevObjectVersion:   Dev-Rendering (12F88B9F-8875-4AFC-A67C-D90C383ABD29): 31
LogDevObjectVersion:   Dev-Sequencer (7B5AE74C-D270-4C10-A958-57980B212A5A): 11
LogDevObjectVersion:   Dev-VR (D7296918-1DD6-4BDD-9DE2-64A83CC13884): 2
LogDevObjectVersion:   Dev-LoadTimes (C2A15278-BFE7-4AFE-6C17-90FF531DF755): 1
LogDevObjectVersion:   Private-Geometry (6EACA3D4-40EC-4CC1-B786-8BED09428FC5): 3
LogDevObjectVersion:   Dev-AnimPhys (29E575DD-E0A3-4627-9D10-D276232CDCEA): 17
LogDevObjectVersion:   Dev-Anim (AF43A65D-7FD3-4947-9873-3E8ED9C1BB05): 2
LogDevObjectVersion:   Dev-ReflectionCapture (6B266CEC-1EC7-4B8F-A30B-E4D90942FC07): 1
LogDevObjectVersion:   Dev-Automation (0DF73D61-A23F-47EA-B727-89E90C41499A): 1
LogDevObjectVersion:   FortniteMain (601D1886-AC64-4F84-AA16-D3DE0DEAC7D6): 27
LogDevObjectVersion:   Dev-Enterprise (9DFFBCD6-494F-0158-E221-12823C92A888): 6
LogDevObjectVersion:   Dev-Niagara (F2AED0AC-9AFE-416F-8664-AA7FFA26D6FC): 1
LogDevObjectVersion:   Dev-Destruction (174F1F0B-B4C6-45A5-B13F-2EE8D0FB917D): 9
LogInit: Presizing for max 16777216 objects, including 0 objects not considered by GC, pre-allocating 0 bytes for permanent pool.
LogInit: Object subsystem initialized
LogConfig: Setting CVar [[con.DebugEarlyDefault:1]]
LogConfig: Setting CVar [[r.setres:1280x720]]
[2019.10.17-02.50.05:335][  0]LogConfig: Setting CVar [[r.VSync:0]]
[2019.10.17-02.50.05:335][  0]LogConfig: Setting CVar [[r.RHICmdBypass:0]]
[2019.10.17-02.50.05:335][  0]LogConfig: Applying CVar settings from Section [/Script/Engine.RendererSettings] File [F:/UnrealProj/RenderLearn423/Saved/Config/Windows/Engine.ini]
[2019.10.17-02.50.05:335][  0]LogConfig: Setting CVar [[r.GPUCrashDebugging:0]]
[2019.10.17-02.50.05:335][  0]LogConfig: Setting CVar [[r.DefaultFeature.AutoExposure.ExtendDefaultLuminanceRange:1]]
[2019.10.17-02.50.05:335][  0]LogConfig: Applying CVar settings from Section [/Script/Engine.RendererOverrideSettings] File [F:/UnrealProj/RenderLearn423/Saved/Config/Windows/Engine.ini]
[2019.10.17-02.50.05:335][  0]LogConfig: Applying CVar settings from Section [/Script/Engine.StreamingSettings] File [F:/UnrealProj/RenderLearn423/Saved/Config/Windows/Engine.ini]
[2019.10.17-02.50.05:335][  0]LogConfig: Setting CVar [[s.MinBulkDataSizeForAsyncLoading:131072]]
[2019.10.17-02.50.05:335][  0]LogConfig: Setting CVar [[s.AsyncLoadingThreadEnabled:0]]
[2019.10.17-02.50.05:336][  0]LogConfig: Setting CVar [[s.EventDrivenLoaderEnabled:1]]
[2019.10.17-02.50.05:336][  0]LogConfig: Setting CVar [[s.WarnIfTimeLimitExceeded:0]]
[2019.10.17-02.50.05:336][  0]LogConfig: Setting CVar [[s.TimeLimitExceededMultiplier:1.5]]
[2019.10.17-02.50.05:336][  0]LogConfig: Setting CVar [[s.TimeLimitExceededMinTime:0.005]]
[2019.10.17-02.50.05:336][  0]LogConfig: Setting CVar [[s.UseBackgroundLevelStreaming:1]]
[2019.10.17-02.50.05:336][  0]LogConfig: Setting CVar [[s.PriorityAsyncLoadingExtraTime:15.0]]
[2019.10.17-02.50.05:336][  0]LogConfig: Setting CVar [[s.LevelStreamingActorsUpdateTimeLimit:5.0]]
[2019.10.17-02.50.05:336][  0]LogConfig: Setting CVar [[s.PriorityLevelStreamingActorsUpdateExtraTime:5.0]]
[2019.10.17-02.50.05:336][  0]LogConfig: Setting CVar [[s.LevelStreamingComponentsRegistrationGranularity:10]]
[2019.10.17-02.50.05:336][  0]LogConfig: Setting CVar [[s.UnregisterComponentsTimeLimit:1.0]]
[2019.10.17-02.50.05:336][  0]LogConfig: Setting CVar [[s.LevelStreamingComponentsUnregistrationGranularity:5]]
[2019.10.17-02.50.05:336][  0]LogConfig: Applying CVar settings from Section [/Script/Engine.GarbageCollectionSettings] File [F:/UnrealProj/RenderLearn423/Saved/Config/Windows/Engine.ini]
[2019.10.17-02.50.05:336][  0]LogConfig: Setting CVar [[gc.MaxObjectsNotConsideredByGC:1]]
[2019.10.17-02.50.05:336][  0]LogConfig: Setting CVar [[gc.SizeOfPermanentObjectPool:0]]
[2019.10.17-02.50.05:336][  0]LogConfig: Setting CVar [[gc.FlushStreamingOnGC:0]]
[2019.10.17-02.50.05:336][  0]LogConfig: Setting CVar [[gc.NumRetriesBeforeForcingGC:10]]
[2019.10.17-02.50.05:336][  0]LogConfig: Setting CVar [[gc.AllowParallelGC:1]]
[2019.10.17-02.50.05:336][  0]LogConfig: Setting CVar [[gc.TimeBetweenPurgingPendingKillObjects:61.1]]
[2019.10.17-02.50.05:337][  0]LogConfig: Setting CVar [[gc.MaxObjectsInEditor:16777216]]
[2019.10.17-02.50.05:337][  0]LogConfig: Setting CVar [[gc.IncrementalBeginDestroyEnabled:1]]
[2019.10.17-02.50.05:337][  0]LogConfig: Setting CVar [[gc.CreateGCClusters:1]]
[2019.10.17-02.50.05:337][  0]LogConfig: Setting CVar [[gc.MinGCClusterSize:5]]
[2019.10.17-02.50.05:337][  0]LogConfig: Setting CVar [[gc.ActorClusteringEnabled:0]]
[2019.10.17-02.50.05:337][  0]LogConfig: Setting CVar [[gc.BlueprintClusteringEnabled:0]]
[2019.10.17-02.50.05:337][  0]LogConfig: Setting CVar [[gc.UseDisregardForGCOnDedicatedServers:0]]
[2019.10.17-02.50.05:337][  0]LogConfig: Applying CVar settings from Section [/Script/Engine.NetworkSettings] File [F:/UnrealProj/RenderLearn423/Saved/Config/Windows/Engine.ini]
[2019.10.17-02.50.05:337][  0]LogConfig: Applying CVar settings from Section [/Script/UnrealEd.CookerSettings] File [F:/UnrealProj/RenderLearn423/Saved/Config/Windows/Engine.ini]
[2019.10.17-02.50.05:344][  0]LogConfig: Applying CVar settings from Section [ViewDistanceQuality@3] File [F:/UnrealProj/RenderLearn423/Saved/Config/Windows/Scalability.ini]
[2019.10.17-02.50.05:344][  0]LogConfig: Setting CVar [[r.SkeletalMeshLODBias:0]]
[2019.10.17-02.50.05:344][  0]LogConfig: Setting CVar [[r.ViewDistanceScale:1.0]]
[2019.10.17-02.50.05:344][  0]LogConfig: Applying CVar settings from Section [AntiAliasingQuality@3] File [F:/UnrealProj/RenderLearn423/Saved/Config/Windows/Scalability.ini]
[2019.10.17-02.50.05:344][  0]LogConfig: Setting CVar [[r.PostProcessAAQuality:4]]
[2019.10.17-02.50.05:344][  0]LogConfig: Applying CVar settings from Section [ShadowQuality@3] File [F:/UnrealProj/RenderLearn423/Saved/Config/Windows/Scalability.ini]
[2019.10.17-02.50.05:345][  0]LogConfig: Setting CVar [[r.LightFunctionQuality:1]]
[2019.10.17-02.50.05:345][  0]LogConfig: Setting CVar [[r.ShadowQuality:5]]
[2019.10.17-02.50.05:345][  0]LogConfig: Setting CVar [[r.Shadow.CSM.MaxCascades:10]]
[2019.10.17-02.50.05:345][  0]LogConfig: Setting CVar [[r.Shadow.MaxResolution:2048]]
[2019.10.17-02.50.05:345][  0]LogConfig: Setting CVar [[r.Shadow.MaxCSMResolution:2048]]
[2019.10.17-02.50.05:345][  0]LogConfig: Setting CVar [[r.Shadow.RadiusThreshold:0.01]]
[2019.10.17-02.50.05:345][  0]LogConfig: Setting CVar [[r.Shadow.DistanceScale:1.0]]
[2019.10.17-02.50.05:345][  0]LogConfig: Setting CVar [[r.Shadow.CSM.TransitionScale:1.0]]
[2019.10.17-02.50.05:345][  0]LogConfig: Setting CVar [[r.Shadow.PreShadowResolutionFactor:1.0]]
[2019.10.17-02.50.05:345][  0]LogConfig: Setting CVar [[r.DistanceFieldShadowing:1]]
[2019.10.17-02.50.05:345][  0]LogConfig: Setting CVar [[r.DistanceFieldAO:1]]
[2019.10.17-02.50.05:345][  0]LogConfig: Setting CVar [[r.AOQuality:2]]
[2019.10.17-02.50.05:345][  0]LogConfig: Setting CVar [[r.VolumetricFog:1]]
[2019.10.17-02.50.05:345][  0]LogConfig: Setting CVar [[r.VolumetricFog.GridPixelSize:8]]
[2019.10.17-02.50.05:345][  0]LogConfig: Setting CVar [[r.VolumetricFog.GridSizeZ:128]]
[2019.10.17-02.50.05:345][  0]LogConfig: Setting CVar [[r.VolumetricFog.HistoryMissSupersampleCount:4]]
[2019.10.17-02.50.05:345][  0]LogConfig: Setting CVar [[r.LightMaxDrawDistanceScale:1]]
[2019.10.17-02.50.05:345][  0]LogConfig: Setting CVar [[r.CapsuleShadows:1]]
[2019.10.17-02.50.05:345][  0]LogConfig: Applying CVar settings from Section [PostProcessQuality@3] File [F:/UnrealProj/RenderLearn423/Saved/Config/Windows/Scalability.ini]
[2019.10.17-02.50.05:345][  0]LogConfig: Setting CVar [[r.MotionBlurQuality:4]]
[2019.10.17-02.50.05:346][  0]LogConfig: Setting CVar [[r.AmbientOcclusionMipLevelFactor:0.4]]
[2019.10.17-02.50.05:346][  0]LogConfig: Setting CVar [[r.AmbientOcclusionMaxQuality:100]]
[2019.10.17-02.50.05:346][  0]LogConfig: Setting CVar [[r.AmbientOcclusionLevels:-1]]
[2019.10.17-02.50.05:346][  0]LogConfig: Setting CVar [[r.AmbientOcclusionRadiusScale:1.0]]
[2019.10.17-02.50.05:346][  0]LogConfig: Setting CVar [[r.DepthOfFieldQuality:2]]
[2019.10.17-02.50.05:346][  0]LogConfig: Setting CVar [[r.RenderTargetPoolMin:400]]
[2019.10.17-02.50.05:346][  0]LogConfig: Setting CVar [[r.LensFlareQuality:2]]
[2019.10.17-02.50.05:346][  0]LogConfig: Setting CVar [[r.SceneColorFringeQuality:1]]
[2019.10.17-02.50.05:346][  0]LogConfig: Setting CVar [[r.EyeAdaptationQuality:2]]
[2019.10.17-02.50.05:346][  0]LogConfig: Setting CVar [[r.BloomQuality:5]]
[2019.10.17-02.50.05:346][  0]LogConfig: Setting CVar [[r.FastBlurThreshold:100]]
[2019.10.17-02.50.05:346][  0]LogConfig: Setting CVar [[r.Upscale.Quality:3]]
[2019.10.17-02.50.05:346][  0]LogConfig: Setting CVar [[r.Tonemapper.GrainQuantization:1]]
[2019.10.17-02.50.05:346][  0]LogConfig: Setting CVar [[r.LightShaftQuality:1]]
[2019.10.17-02.50.05:346][  0]LogConfig: Setting CVar [[r.Filter.SizeScale:1]]
[2019.10.17-02.50.05:346][  0]LogConfig: Setting CVar [[r.Tonemapper.Quality:5]]
[2019.10.17-02.50.05:346][  0]LogConfig: Setting CVar [[r.DOF.Gather.AccumulatorQuality:1        ; higher gathering accumulator quality]]
[2019.10.17-02.50.05:346][  0]LogConfig: Setting CVar [[r.DOF.Gather.PostfilterMethod:1          ; Median3x3 postfilering method]]
[2019.10.17-02.50.05:347][  0]LogConfig: Setting CVar [[r.DOF.Gather.EnableBokehSettings:0       ; no bokeh simulation when gathering]]
[2019.10.17-02.50.05:347][  0]LogConfig: Setting CVar [[r.DOF.Gather.RingCount:4                 ; medium number of samples when gathering]]
[2019.10.17-02.50.05:347][  0]LogConfig: Setting CVar [[r.DOF.Scatter.ForegroundCompositing:1    ; additive foreground scattering]]
[2019.10.17-02.50.05:347][  0]LogConfig: Setting CVar [[r.DOF.Scatter.BackgroundCompositing:2    ; additive background scattering]]
[2019.10.17-02.50.05:347][  0]LogConfig: Setting CVar [[r.DOF.Scatter.EnableBokehSettings:1      ; bokeh simulation when scattering]]
[2019.10.17-02.50.05:347][  0]LogConfig: Setting CVar [[r.DOF.Scatter.MaxSpriteRatio:0.1         ; only a maximum of 10% of scattered bokeh]]
[2019.10.17-02.50.05:347][  0]LogConfig: Setting CVar [[r.DOF.Recombine.Quality:1                ; cheap slight out of focus]]
[2019.10.17-02.50.05:347][  0]LogConfig: Setting CVar [[r.DOF.Recombine.EnableBokehSettings:0    ; no bokeh simulation on slight out of focus]]
[2019.10.17-02.50.05:347][  0]LogConfig: Setting CVar [[r.DOF.TemporalAAQuality:1                ; more stable temporal accumulation]]
[2019.10.17-02.50.05:347][  0]LogConfig: Setting CVar [[r.DOF.Kernel.MaxForegroundRadius:0.025]]
[2019.10.17-02.50.05:347][  0]LogConfig: Setting CVar [[r.DOF.Kernel.MaxBackgroundRadius:0.025]]
[2019.10.17-02.50.05:347][  0]LogConfig: Applying CVar settings from Section [TextureQuality@3] File [F:/UnrealProj/RenderLearn423/Saved/Config/Windows/Scalability.ini]
[2019.10.17-02.50.05:347][  0]LogConfig: Setting CVar [[r.Streaming.MipBias:0]]
[2019.10.17-02.50.05:347][  0]LogConfig: Setting CVar [[r.Streaming.AmortizeCPUToGPUCopy:0]]
[2019.10.17-02.50.05:347][  0]LogConfig: Setting CVar [[r.Streaming.MaxNumTexturesToStreamPerFrame:0]]
[2019.10.17-02.50.05:347][  0]LogConfig: Setting CVar [[r.Streaming.Boost:1]]
[2019.10.17-02.50.05:347][  0]LogConfig: Setting CVar [[r.MaxAnisotropy:8]]
[2019.10.17-02.50.05:347][  0]LogConfig: Setting CVar [[r.Streaming.LimitPoolSizeToVRAM:0]]
[2019.10.17-02.50.05:348][  0]LogConfig: Setting CVar [[r.Streaming.PoolSize:1000]]
[2019.10.17-02.50.05:348][  0]LogConfig: Setting CVar [[r.Streaming.MaxEffectiveScreenSize:0]]
[2019.10.17-02.50.05:348][  0]LogConfig: Applying CVar settings from Section [EffectsQuality@3] File [F:/UnrealProj/RenderLearn423/Saved/Config/Windows/Scalability.ini]
[2019.10.17-02.50.05:348][  0]LogConfig: Setting CVar [[r.TranslucencyLightingVolumeDim:64]]
[2019.10.17-02.50.05:348][  0]LogConfig: Setting CVar [[r.RefractionQuality:2]]
[2019.10.17-02.50.05:348][  0]LogConfig: Setting CVar [[r.SSR.Quality:3]]
[2019.10.17-02.50.05:348][  0]LogConfig: Setting CVar [[r.SceneColorFormat:4]]
[2019.10.17-02.50.05:348][  0]LogConfig: Setting CVar [[r.DetailMode:2]]
[2019.10.17-02.50.05:348][  0]LogConfig: Setting CVar [[r.TranslucencyVolumeBlur:1]]
[2019.10.17-02.50.05:348][  0]LogConfig: Setting CVar [[r.MaterialQualityLevel:1 ; High quality]]
[2019.10.17-02.50.05:348][  0]LogConfig: Setting CVar [[r.SSS.Scale:1]]
[2019.10.17-02.50.05:348][  0]LogConfig: Setting CVar [[r.SSS.SampleSet:2]]
[2019.10.17-02.50.05:348][  0]LogConfig: Setting CVar [[r.SSS.Quality:1]]
[2019.10.17-02.50.05:348][  0]LogConfig: Setting CVar [[r.SSS.HalfRes:1]]
[2019.10.17-02.50.05:348][  0]LogConfig: Setting CVar [[r.EmitterSpawnRateScale:1.0]]
[2019.10.17-02.50.05:348][  0]LogConfig: Setting CVar [[r.ParticleLightQuality:2]]
[2019.10.17-02.50.05:349][  0]LogConfig: Applying CVar settings from Section [FoliageQuality@3] File [F:/UnrealProj/RenderLearn423/Saved/Config/Windows/Scalability.ini]
[2019.10.17-02.50.05:349][  0]LogConfig: Setting CVar [[foliage.DensityScale:1.0]]
[2019.10.17-02.50.05:349][  0]LogConfig: Setting CVar [[grass.DensityScale:1.0]]
[2019.10.17-02.50.05:349][  0]LogInit: Selected Device Profile: [Windows]
[2019.10.17-02.50.05:349][  0]LogInit: Applying CVar settings loaded from the selected device profile: [Windows]
[2019.10.17-02.50.05:352][  0]LogHAL: Display: Platform has ~ 32 GB [34317529088 / 34359738368 / 32], which maps to Largest [LargestMinGB=32, LargerMinGB=12, DefaultMinGB=8, SmallerMinGB=6, SmallestMinGB=0)
[2019.10.17-02.50.05:352][  0]LogInit: Going up to parent DeviceProfile []
[2019.10.17-02.50.05:352][  0]LogConfig: Applying CVar settings from Section [ViewDistanceQuality@3] File [F:/UnrealProj/RenderLearn423/Saved/Config/Windows/Scalability.ini]
[2019.10.17-02.50.05:352][  0]LogConfig: Setting CVar [[r.SkeletalMeshLODBias:0]]
[2019.10.17-02.50.05:352][  0]LogConfig: Setting CVar [[r.ViewDistanceScale:1.0]]
[2019.10.17-02.50.05:352][  0]LogConfig: Applying CVar settings from Section [AntiAliasingQuality@3] File [F:/UnrealProj/RenderLearn423/Saved/Config/Windows/Scalability.ini]
[2019.10.17-02.50.05:352][  0]LogConfig: Setting CVar [[r.PostProcessAAQuality:4]]
[2019.10.17-02.50.05:352][  0]LogConfig: Applying CVar settings from Section [ShadowQuality@3] File [F:/UnrealProj/RenderLearn423/Saved/Config/Windows/Scalability.ini]
[2019.10.17-02.50.05:352][  0]LogConfig: Setting CVar [[r.LightFunctionQuality:1]]
[2019.10.17-02.50.05:352][  0]LogConfig: Setting CVar [[r.ShadowQuality:5]]
[2019.10.17-02.50.05:352][  0]LogConfig: Setting CVar [[r.Shadow.CSM.MaxCascades:10]]
[2019.10.17-02.50.05:352][  0]LogConfig: Setting CVar [[r.Shadow.MaxResolution:2048]]
[2019.10.17-02.50.05:352][  0]LogConfig: Setting CVar [[r.Shadow.MaxCSMResolution:2048]]
[2019.10.17-02.50.05:353][  0]LogConfig: Setting CVar [[r.Shadow.RadiusThreshold:0.01]]
[2019.10.17-02.50.05:353][  0]LogConfig: Setting CVar [[r.Shadow.DistanceScale:1.0]]
[2019.10.17-02.50.05:353][  0]LogConfig: Setting CVar [[r.Shadow.CSM.TransitionScale:1.0]]
[2019.10.17-02.50.05:353][  0]LogConfig: Setting CVar [[r.Shadow.PreShadowResolutionFactor:1.0]]
[2019.10.17-02.50.05:353][  0]LogConfig: Setting CVar [[r.DistanceFieldShadowing:1]]
[2019.10.17-02.50.05:353][  0]LogConfig: Setting CVar [[r.DistanceFieldAO:1]]
[2019.10.17-02.50.05:353][  0]LogConfig: Setting CVar [[r.AOQuality:2]]
[2019.10.17-02.50.05:353][  0]LogConfig: Setting CVar [[r.VolumetricFog:1]]
[2019.10.17-02.50.05:353][  0]LogConfig: Setting CVar [[r.VolumetricFog.GridPixelSize:8]]
[2019.10.17-02.50.05:353][  0]LogConfig: Setting CVar [[r.VolumetricFog.GridSizeZ:128]]
[2019.10.17-02.50.05:353][  0]LogConfig: Setting CVar [[r.VolumetricFog.HistoryMissSupersampleCount:4]]
[2019.10.17-02.50.05:353][  0]LogConfig: Setting CVar [[r.LightMaxDrawDistanceScale:1]]
[2019.10.17-02.50.05:353][  0]LogConfig: Setting CVar [[r.CapsuleShadows:1]]
[2019.10.17-02.50.05:353][  0]LogConfig: Applying CVar settings from Section [PostProcessQuality@3] File [F:/UnrealProj/RenderLearn423/Saved/Config/Windows/Scalability.ini]
[2019.10.17-02.50.05:353][  0]LogConfig: Setting CVar [[r.MotionBlurQuality:4]]
[2019.10.17-02.50.05:353][  0]LogConfig: Setting CVar [[r.AmbientOcclusionMipLevelFactor:0.4]]
[2019.10.17-02.50.05:353][  0]LogConfig: Setting CVar [[r.AmbientOcclusionMaxQuality:100]]
[2019.10.17-02.50.05:353][  0]LogConfig: Setting CVar [[r.AmbientOcclusionLevels:-1]]
[2019.10.17-02.50.05:353][  0]LogConfig: Setting CVar [[r.AmbientOcclusionRadiusScale:1.0]]
[2019.10.17-02.50.05:353][  0]LogConfig: Setting CVar [[r.DepthOfFieldQuality:2]]
[2019.10.17-02.50.05:353][  0]LogConfig: Setting CVar [[r.RenderTargetPoolMin:400]]
[2019.10.17-02.50.05:354][  0]LogConfig: Setting CVar [[r.LensFlareQuality:2]]
[2019.10.17-02.50.05:354][  0]LogConfig: Setting CVar [[r.SceneColorFringeQuality:1]]
[2019.10.17-02.50.05:354][  0]LogConfig: Setting CVar [[r.EyeAdaptationQuality:2]]
[2019.10.17-02.50.05:354][  0]LogConfig: Setting CVar [[r.BloomQuality:5]]
[2019.10.17-02.50.05:354][  0]LogConfig: Setting CVar [[r.FastBlurThreshold:100]]
[2019.10.17-02.50.05:354][  0]LogConfig: Setting CVar [[r.Upscale.Quality:3]]
[2019.10.17-02.50.05:354][  0]LogConfig: Setting CVar [[r.Tonemapper.GrainQuantization:1]]
[2019.10.17-02.50.05:354][  0]LogConfig: Setting CVar [[r.LightShaftQuality:1]]
[2019.10.17-02.50.05:354][  0]LogConfig: Setting CVar [[r.Filter.SizeScale:1]]
[2019.10.17-02.50.05:354][  0]LogConfig: Setting CVar [[r.Tonemapper.Quality:5]]
[2019.10.17-02.50.05:354][  0]LogConfig: Setting CVar [[r.DOF.Gather.AccumulatorQuality:1        ; higher gathering accumulator quality]]
[2019.10.17-02.50.05:354][  0]LogConfig: Setting CVar [[r.DOF.Gather.PostfilterMethod:1          ; Median3x3 postfilering method]]
[2019.10.17-02.50.05:354][  0]LogConfig: Setting CVar [[r.DOF.Gather.EnableBokehSettings:0       ; no bokeh simulation when gathering]]
[2019.10.17-02.50.05:354][  0]LogConfig: Setting CVar [[r.DOF.Gather.RingCount:4                 ; medium number of samples when gathering]]
[2019.10.17-02.50.05:354][  0]LogConfig: Setting CVar [[r.DOF.Scatter.ForegroundCompositing:1    ; additive foreground scattering]]
[2019.10.17-02.50.05:354][  0]LogConfig: Setting CVar [[r.DOF.Scatter.BackgroundCompositing:2    ; additive background scattering]]
[2019.10.17-02.50.05:354][  0]LogConfig: Setting CVar [[r.DOF.Scatter.EnableBokehSettings:1      ; bokeh simulation when scattering]]
[2019.10.17-02.50.05:355][  0]LogConfig: Setting CVar [[r.DOF.Scatter.MaxSpriteRatio:0.1         ; only a maximum of 10% of scattered bokeh]]
[2019.10.17-02.50.05:355][  0]LogConfig: Setting CVar [[r.DOF.Recombine.Quality:1                ; cheap slight out of focus]]
[2019.10.17-02.50.05:355][  0]LogConfig: Setting CVar [[r.DOF.Recombine.EnableBokehSettings:0    ; no bokeh simulation on slight out of focus]]
[2019.10.17-02.50.05:355][  0]LogConfig: Setting CVar [[r.DOF.TemporalAAQuality:1                ; more stable temporal accumulation]]
[2019.10.17-02.50.05:355][  0]LogConfig: Setting CVar [[r.DOF.Kernel.MaxForegroundRadius:0.025]]
[2019.10.17-02.50.05:355][  0]LogConfig: Setting CVar [[r.DOF.Kernel.MaxBackgroundRadius:0.025]]
[2019.10.17-02.50.05:355][  0]LogConfig: Applying CVar settings from Section [TextureQuality@3] File [F:/UnrealProj/RenderLearn423/Saved/Config/Windows/Scalability.ini]
[2019.10.17-02.50.05:355][  0]LogConfig: Setting CVar [[r.Streaming.MipBias:0]]
[2019.10.17-02.50.05:355][  0]LogConfig: Setting CVar [[r.Streaming.AmortizeCPUToGPUCopy:0]]
[2019.10.17-02.50.05:355][  0]LogConfig: Setting CVar [[r.Streaming.MaxNumTexturesToStreamPerFrame:0]]
[2019.10.17-02.50.05:355][  0]LogConfig: Setting CVar [[r.Streaming.Boost:1]]
[2019.10.17-02.50.05:355][  0]LogConfig: Setting CVar [[r.MaxAnisotropy:8]]
[2019.10.17-02.50.05:355][  0]LogConfig: Setting CVar [[r.Streaming.LimitPoolSizeToVRAM:0]]
[2019.10.17-02.50.05:355][  0]LogConfig: Setting CVar [[r.Streaming.PoolSize:1000]]
[2019.10.17-02.50.05:355][  0]LogConfig: Setting CVar [[r.Streaming.MaxEffectiveScreenSize:0]]
[2019.10.17-02.50.05:355][  0]LogConfig: Applying CVar settings from Section [EffectsQuality@3] File [F:/UnrealProj/RenderLearn423/Saved/Config/Windows/Scalability.ini]
[2019.10.17-02.50.05:355][  0]LogConfig: Setting CVar [[r.TranslucencyLightingVolumeDim:64]]
[2019.10.17-02.50.05:356][  0]LogConfig: Setting CVar [[r.RefractionQuality:2]]
[2019.10.17-02.50.05:356][  0]LogConfig: Setting CVar [[r.SSR.Quality:3]]
[2019.10.17-02.50.05:356][  0]LogConfig: Setting CVar [[r.SceneColorFormat:4]]
[2019.10.17-02.50.05:356][  0]LogConfig: Setting CVar [[r.DetailMode:2]]
[2019.10.17-02.50.05:356][  0]LogConfig: Setting CVar [[r.TranslucencyVolumeBlur:1]]
[2019.10.17-02.50.05:356][  0]LogConfig: Setting CVar [[r.MaterialQualityLevel:1 ; High quality]]
[2019.10.17-02.50.05:356][  0]LogConfig: Setting CVar [[r.SSS.Scale:1]]
[2019.10.17-02.50.05:356][  0]LogConfig: Setting CVar [[r.SSS.SampleSet:2]]
[2019.10.17-02.50.05:356][  0]LogConfig: Setting CVar [[r.SSS.Quality:1]]
[2019.10.17-02.50.05:356][  0]LogConfig: Setting CVar [[r.SSS.HalfRes:1]]
[2019.10.17-02.50.05:356][  0]LogConfig: Setting CVar [[r.EmitterSpawnRateScale:1.0]]
[2019.10.17-02.50.05:356][  0]LogConfig: Setting CVar [[r.ParticleLightQuality:2]]
[2019.10.17-02.50.05:356][  0]LogConfig: Applying CVar settings from Section [FoliageQuality@3] File [F:/UnrealProj/RenderLearn423/Saved/Config/Windows/Scalability.ini]
[2019.10.17-02.50.05:356][  0]LogConfig: Setting CVar [[foliage.DensityScale:1.0]]
[2019.10.17-02.50.05:356][  0]LogConfig: Setting CVar [[grass.DensityScale:1.0]]
[2019.10.17-02.50.05:356][  0]LogConfig: Applying CVar settings from Section [Startup] File [../../../Engine/Config/ConsoleVariables.ini]
[2019.10.17-02.50.05:357][  0]LogConfig: Setting CVar [[r.Shaders.Optimize:0]]
[2019.10.17-02.50.05:357][  0]LogConfig: Setting CVar [[r.Shaders.KeepDebugInfo:1]]
[2019.10.17-02.50.05:357][  0]LogConfig: Setting CVar [[net.UseAdaptiveNetUpdateFrequency:0]]
[2019.10.17-02.50.05:357][  0]LogConfig: Setting CVar [[p.chaos.AllowCreatePhysxBodies:1]]
[2019.10.17-02.50.05:357][  0]LogConfig: Applying CVar settings from Section [ConsoleVariables] File [F:/UnrealProj/RenderLearn423/Saved/Config/Windows/Engine.ini]
[2019.10.17-02.50.05:357][  0]LogInit: Computer: WUD-F-P1
[2019.10.17-02.50.05:357][  0]LogInit: User: WuDf
[2019.10.17-02.50.05:357][  0]LogInit: CPU Page size=4096, Cores=4
[2019.10.17-02.50.05:357][  0]LogInit: High frequency timer resolution =3.515630 MHz
[2019.10.17-02.50.05:357][  0]LogMemory: Memory total: Physical=32.0GB (32GB approx)
[2019.10.17-02.50.05:357][  0]LogMemory: Platform Memory Stats for Windows
[2019.10.17-02.50.05:357][  0]LogMemory: Process Physical Memory: 102.63 MB used, 102.63 MB peak
[2019.10.17-02.50.05:357][  0]LogMemory: Process Virtual Memory: 191.20 MB used, 191.20 MB peak
[2019.10.17-02.50.05:358][  0]LogMemory: Physical Memory: 11942.05 MB used,  20785.70 MB free, 32727.75 MB total
[2019.10.17-02.50.05:358][  0]LogMemory: Virtual Memory: 4796.61 MB used,  134212928.00 MB free, 134217728.00 MB total
[2019.10.17-02.50.05:370][  0]LogWindows: WindowsPlatformFeatures enabled
[2019.10.17-02.50.05:559][  0]LogInit: Using OS detected language (zh-CN).
[2019.10.17-02.50.05:559][  0]LogInit: Using OS detected locale (zh-CN).
[2019.10.17-02.50.05:560][  0]LogTextLocalizationManager: No specific localization for 'zh-CN' exists, so the 'zh-Hans' localization will be used.
[2019.10.17-02.50.05:602][  0]LogTextLocalizationResource: LocRes '../../../Engine/Content/Localization/Editor/zh/Editor.locres' could not be opened for reading!
[2019.10.17-02.50.05:603][  0]LogTextLocalizationResource: LocRes '../../../Engine/Content/Localization/EditorTutorials/zh/EditorTutorials.locres' could not be opened for reading!
[2019.10.17-02.50.05:603][  0]LogTextLocalizationResource: LocRes '../../../Engine/Content/Localization/Keywords/zh/Keywords.locres' could not be opened for reading!
[2019.10.17-02.50.05:603][  0]LogTextLocalizationResource: LocRes '../../../Engine/Content/Localization/Category/zh/Category.locres' could not be opened for reading!
[2019.10.17-02.50.05:604][  0]LogTextLocalizationResource: LocRes '../../../Engine/Content/Localization/ToolTips/zh/ToolTips.locres' could not be opened for reading!
[2019.10.17-02.50.05:604][  0]LogTextLocalizationResource: LocRes '../../../Engine/Content/Localization/PropertyNames/zh/PropertyNames.locres' could not be opened for reading!
[2019.10.17-02.50.05:604][  0]LogTextLocalizationResource: LocRes '../../../Engine/Content/Localization/Engine/zh/Engine.locres' could not be opened for reading!
[2019.10.17-02.50.05:605][  0]LogTextLocalizationResource: LocRes '../../../Engine/Plugins/Online/Android/OnlineSubsystemGooglePlay/Content/Localization/OnlineSubsystemGooglePlay/zh/OnlineSubsystemGooglePlay.locres' could not be opened for reading!
[2019.10.17-02.50.05:605][  0]LogTextLocalizationResource: LocRes '../../../Engine/Plugins/Online/IOS/OnlineSubsystemIOS/Content/Localization/OnlineSubsystemIOS/zh/OnlineSubsystemIOS.locres' could not be opened for reading!
[2019.10.17-02.50.05:605][  0]LogTextLocalizationResource: LocRes '../../../Engine/Plugins/Online/OnlineSubsystem/Content/Localization/OnlineSubsystem/zh/OnlineSubsystem.locres' could not be opened for reading!
[2019.10.17-02.50.05:606][  0]LogTextLocalizationResource: LocRes '../../../Engine/Plugins/Online/OnlineSubsystemUtils/Content/Localization/OnlineSubsystemUtils/zh/OnlineSubsystemUtils.locres' could not be opened for reading!
[2019.10.17-02.50.05:629][  0]LogInit: Setting process to per monitor DPI aware
[2019.10.17-02.50.05:730][  0]LogSlate: New Slate User Created.  User Index 0, Is Virtual User: 0
[2019.10.17-02.50.05:730][  0]LogSlate: Slate User Registered.  User Index 0, Is Virtual User: 0
[2019.10.17-02.50.05:950][  0]LogHMD: Failed to initialize OpenVR with code 110
[2019.10.17-02.50.05:950][  0]LogD3D11RHI: D3D11 adapters:
[2019.10.17-02.50.06:099][  0]LogD3D11RHI:    0. 'NVIDIA GeForce GTX 1050' (Feature Level 11_0)
[2019.10.17-02.50.06:099][  0]LogD3D11RHI:       1977/0/16363 MB DedicatedVideo/DedicatedSystem/SharedSystem, Outputs:1, VendorId:0x10de
[2019.10.17-02.50.06:118][  0]LogD3D11RHI:    1. 'Microsoft Basic Render Driver' (Feature Level 11_0)
[2019.10.17-02.50.06:118][  0]LogD3D11RHI:       0/0/16363 MB DedicatedVideo/DedicatedSystem/SharedSystem, Outputs:0, VendorId:0x1414
[2019.10.17-02.50.06:119][  0]LogD3D11RHI: Chosen D3D11 Adapter: 0
[2019.10.17-02.50.06:127][  0]LogD3D11RHI: Creating new Direct3DDevice
[2019.10.17-02.50.06:127][  0]LogD3D11RHI:     GPU DeviceId: 0x1c81 (for the marketing name, search the web for "GPU Device Id")
[2019.10.17-02.50.06:127][  0]LogWindows: EnumDisplayDevices:
[2019.10.17-02.50.06:128][  0]LogWindows:    0. 'NVIDIA GeForce GTX 1050' (P:1 D:1)
[2019.10.17-02.50.06:129][  0]LogWindows:    1. 'NVIDIA GeForce GTX 1050' (P:0 D:0)
[2019.10.17-02.50.06:130][  0]LogWindows:    2. 'NVIDIA GeForce GTX 1050' (P:0 D:0)
[2019.10.17-02.50.06:131][  0]LogWindows:    3. 'NVIDIA GeForce GTX 1050' (P:0 D:0)
[2019.10.17-02.50.06:132][  0]LogWindows:    4. 'NVIDIA GeForce GTX 1050' (P:0 D:0)
[2019.10.17-02.50.06:132][  0]LogWindows:    5. 'NVIDIA GeForce GTX 1050' (P:0 D:0)
[2019.10.17-02.50.06:133][  0]LogWindows:    6. 'NVIDIA GeForce GTX 1050' (P:0 D:0)
[2019.10.17-02.50.06:134][  0]LogWindows:    7. 'NVIDIA GeForce GTX 1050' (P:0 D:0)
[2019.10.17-02.50.06:135][  0]LogWindows:    8. 'NVIDIA GeForce GTX 1050' (P:0 D:0)
[2019.10.17-02.50.06:136][  0]LogWindows:    9. 'NVIDIA GeForce GTX 1050' (P:0 D:0)
[2019.10.17-02.50.06:136][  0]LogWindows: DebugString: FoundDriverCount:10 
[2019.10.17-02.50.06:137][  0]LogD3D11RHI:     Adapter Name: NVIDIA GeForce GTX 1050
[2019.10.17-02.50.06:137][  0]LogD3D11RHI:   Driver Version: 391.35 (internal:23.21.13.9135, unified:391.35)
[2019.10.17-02.50.06:137][  0]LogD3D11RHI:      Driver Date: 3-23-2018
[2019.10.17-02.50.06:137][  0]LogRHI: Texture pool is 1384 MB (70% of 1977 MB)
[2019.10.17-02.50.06:201][  0]LogRHI: Display: Setting GPU Capture Options: 1
[2019.10.17-02.50.06:201][  0]LogRHI: Display: Toggling draw events: 1
[2019.10.17-02.50.06:201][  0]LogRHI: Display: Toggling showmaterialdrawevents: 1
[2019.10.17-02.50.06:202][  0]LogRHI: Display: Toggling rhi bypass: 1
[2019.10.17-02.50.06:202][  0]LogD3D11RHI: Async texture creation enabled
[2019.10.17-02.50.06:224][  0]LogD3D11RHI: GPU Timing Frequency: 1000.000000 (Debug: 2 2)
[2019.10.17-02.50.06:224][  0]LogD3D11RHI: Failed to enumerate display ID for NVAPI (\\.\DISPLAY1) (??j?) unable to
[2019.10.17-02.50.06:550][  0]LogTemp: Display: Module 'AllDesktopTargetPlatform' loaded TargetPlatform 'AllDesktop'
[2019.10.17-02.50.06:571][  0]LogTemp: Display: Module 'MacClientTargetPlatform' loaded TargetPlatform 'MacClient'
[2019.10.17-02.50.06:591][  0]LogTemp: Display: Module 'MacNoEditorTargetPlatform' loaded TargetPlatform 'MacNoEditor'
[2019.10.17-02.50.06:612][  0]LogTemp: Display: Module 'MacServerTargetPlatform' loaded TargetPlatform 'MacServer'
[2019.10.17-02.50.06:634][  0]LogTemp: Display: Module 'MacTargetPlatform' loaded TargetPlatform 'Mac'
[2019.10.17-02.50.06:656][  0]LogTemp: Display: Module 'WindowsClientTargetPlatform' loaded TargetPlatform 'WindowsClient'
[2019.10.17-02.50.06:679][  0]LogTemp: Display: Module 'WindowsNoEditorTargetPlatform' loaded TargetPlatform 'WindowsNoEditor'
[2019.10.17-02.50.06:700][  0]LogTemp: Display: Module 'WindowsServerTargetPlatform' loaded TargetPlatform 'WindowsServer'
[2019.10.17-02.50.06:717][  0]LogTemp: Display: Module 'WindowsTargetPlatform' loaded TargetPlatform 'Windows'
[2019.10.17-02.50.06:758][  0]LogTemp: Display: Module 'AndroidTargetPlatform' loaded TargetPlatform 'Android'
[2019.10.17-02.50.06:758][  0]LogTemp: Display: Module 'AndroidTargetPlatform' loaded TargetPlatform 'Android_ASTC'
[2019.10.17-02.50.06:758][  0]LogTemp: Display: Module 'AndroidTargetPlatform' loaded TargetPlatform 'Android_ATC'
[2019.10.17-02.50.06:759][  0]LogTemp: Display: Module 'AndroidTargetPlatform' loaded TargetPlatform 'Android_DXT'
[2019.10.17-02.50.06:759][  0]LogTemp: Display: Module 'AndroidTargetPlatform' loaded TargetPlatform 'Android_ETC1'
[2019.10.17-02.50.06:759][  0]LogTemp: Display: Module 'AndroidTargetPlatform' loaded TargetPlatform 'Android_ETC1a'
[2019.10.17-02.50.06:759][  0]LogTemp: Display: Module 'AndroidTargetPlatform' loaded TargetPlatform 'Android_ETC2'
[2019.10.17-02.50.06:759][  0]LogTemp: Display: Module 'AndroidTargetPlatform' loaded TargetPlatform 'Android_PVRTC'
[2019.10.17-02.50.06:759][  0]LogTemp: Display: Module 'AndroidTargetPlatform' loaded TargetPlatform 'AndroidClient'
[2019.10.17-02.50.06:759][  0]LogTemp: Display: Module 'AndroidTargetPlatform' loaded TargetPlatform 'Android_ASTCClient'
[2019.10.17-02.50.06:759][  0]LogTemp: Display: Module 'AndroidTargetPlatform' loaded TargetPlatform 'Android_ATCClient'
[2019.10.17-02.50.06:759][  0]LogTemp: Display: Module 'AndroidTargetPlatform' loaded TargetPlatform 'Android_DXTClient'
[2019.10.17-02.50.06:759][  0]LogTemp: Display: Module 'AndroidTargetPlatform' loaded TargetPlatform 'Android_ETC1Client'
[2019.10.17-02.50.06:759][  0]LogTemp: Display: Module 'AndroidTargetPlatform' loaded TargetPlatform 'Android_ETC1aClient'
[2019.10.17-02.50.06:760][  0]LogTemp: Display: Module 'AndroidTargetPlatform' loaded TargetPlatform 'Android_ETC2Client'
[2019.10.17-02.50.06:760][  0]LogTemp: Display: Module 'AndroidTargetPlatform' loaded TargetPlatform 'Android_PVRTCClient'
[2019.10.17-02.50.06:760][  0]LogTemp: Display: Module 'AndroidTargetPlatform' loaded TargetPlatform 'Android_Multi'
[2019.10.17-02.50.06:760][  0]LogTemp: Display: Module 'AndroidTargetPlatform' loaded TargetPlatform 'Android_MultiClient'
[2019.10.17-02.50.06:779][  0]LogTemp: Display: Module 'HTML5TargetPlatform' loaded TargetPlatform 'HTML5'
[2019.10.17-02.50.06:835][  0]LogTemp: Display: Module 'IOSTargetPlatform' loaded TargetPlatform 'IOSClient'
[2019.10.17-02.50.06:836][  0]LogTemp: Display: Module 'IOSTargetPlatform' loaded TargetPlatform 'IOS'
[2019.10.17-02.50.06:862][  0]LogTemp: Display: Module 'TVOSTargetPlatform' loaded TargetPlatform 'TVOSClient'
[2019.10.17-02.50.06:862][  0]LogTemp: Display: Module 'TVOSTargetPlatform' loaded TargetPlatform 'TVOS'
[2019.10.17-02.50.06:898][  0]LogTemp: Display: Module 'LuminTargetPlatform' loaded TargetPlatform 'Lumin'
[2019.10.17-02.50.06:898][  0]LogTemp: Display: Module 'LuminTargetPlatform' loaded TargetPlatform 'LuminClient'
[2019.10.17-02.50.06:899][  0]LogTargetPlatformManager: Display: Building Assets For Windows
[2019.10.17-02.50.06:957][  0]LogAudioDebug: Display: Lib vorbis DLL was dynamically loaded.
[2019.10.17-02.50.07:200][  0]LogShaderCompilers: Guid format shader working directory is 9 characters bigger than the processId version (../../../../UnrealProj/RenderLearn423/Intermediate/Shaders/WorkingDirectory/1580/).
[2019.10.17-02.50.07:200][  0]LogShaderCompilers: Cleaned the shader compiler working directory 'C:/Users/wud-f/AppData/Local/Temp/UnrealShaderWorkingDir/EFE59BE34465B77CB6E625AE177D5A12/'.
[2019.10.17-02.50.07:204][  0]LogXGEController: Cleaning working directory: C:/Users/wud-f/AppData/Local/Temp/UnrealXGEWorkingDir/
[2019.10.17-02.50.07:205][  0]LogXGEController: Cannot use XGE Controller as Incredibuild is not installed on this machine.
[2019.10.17-02.50.07:205][  0]LogShaderCompilers: Cannot use XGE Shader Compiler as Incredibuild is not installed on this machine.
[2019.10.17-02.50.07:205][  0]LogShaderCompilers: Display: Using Local Shader Compiler.
[2019.10.17-02.50.07:777][  0]LogDerivedDataCache: Display: Max Cache Size: 512 MB
[2019.10.17-02.50.08:005][  0]LogDerivedDataCache: Loaded boot cache 0.23s 450MB ../../../../UnrealProj/RenderLearn423/DerivedDataCache/Boot.ddc.
[2019.10.17-02.50.08:005][  0]LogDerivedDataCache: Display: Loaded Boot cache: ../../../../UnrealProj/RenderLearn423/DerivedDataCache/Boot.ddc
[2019.10.17-02.50.08:005][  0]LogDerivedDataCache: FDerivedDataBackendGraph:  Pak pak cache file ../../../../UnrealProj/RenderLearn423/DerivedDataCache/DDC.ddp not found, will not use a pak cache.
[2019.10.17-02.50.08:005][  0]LogDerivedDataCache: Unable to find inner node Pak for hierarchical cache Hierarchy.
[2019.10.17-02.50.08:005][  0]LogDerivedDataCache: FDerivedDataBackendGraph:  EnginePak pak cache file ../../../Engine/DerivedDataCache/DDC.ddp not found, will not use a pak cache.
[2019.10.17-02.50.08:006][  0]LogDerivedDataCache: Unable to find inner node EnginePak for hierarchical cache Hierarchy.
[2019.10.17-02.50.08:009][  0]LogDerivedDataCache: Using Local data cache path ../../../Engine/DerivedDataCache: Writable
[2019.10.17-02.50.08:009][  0]LogDerivedDataCache: Shared data cache path not found in *engine.ini, will not use an Shared cache.
[2019.10.17-02.50.08:009][  0]LogDerivedDataCache: Unable to find inner node Shared for hierarchical cache Hierarchy.
[2019.10.17-02.50.08:084][  0]LogMaterial: Verifying Global Shaders for PCD3D_SM5
[2019.10.17-02.50.08:087][  0]LogSlate: Using FreeType 2.6.0
[2019.10.17-02.50.08:087][  0]LogSlate: SlateFontServices - WITH_FREETYPE: 1, WITH_HARFBUZZ: 1
[2019.10.17-02.50.08:158][  0]LogAssetRegistry: FAssetRegistry took 0.0046 seconds to start up
[2019.10.17-02.50.08:510][  0]LogInit: Selected Device Profile: [Windows]
[2019.10.17-02.50.08:957][  0]LogMeshReduction: Using QuadricMeshReduction for automatic static mesh reduction
[2019.10.17-02.50.08:957][  0]LogMeshReduction: Using SimplygonMeshReduction for automatic skeletal mesh reduction
[2019.10.17-02.50.08:957][  0]LogMeshReduction: Using ProxyLODMeshReduction for automatic mesh merging
[2019.10.17-02.50.08:957][  0]LogMeshReduction: No distributed automatic mesh merging module available
[2019.10.17-02.50.08:957][  0]LogMeshMerging: No distributed automatic mesh merging module available
[2019.10.17-02.50.08:970][  0]LogNetVersion: RenderLearn423 1.0.0, NetCL: 0, EngineNetVer: 11, GameNetVer: 0 (Checksum: 4023181944)
[2019.10.17-02.50.09:693][  0]LogPackageLocalizationCache: Processed 13 localized package path(s) for 2 prioritized culture(s) in 0.121433 seconds
[2019.10.17-02.50.09:702][  0]LogUObjectArray: 43464 objects as part of root set at end of initial load.
[2019.10.17-02.50.09:702][  0]LogUObjectAllocator: 7552072 out of 0 bytes used by permanent object pool.
[2019.10.17-02.50.09:702][  0]LogUObjectArray: CloseDisregardForGC: 0/0 objects in disregard for GC pool
[2019.10.17-02.50.11:788][  0]LogTcpMessaging: Initializing TcpMessaging bridge
[2019.10.17-02.50.11:807][  0]LogUdpMessaging: Initializing bridge on interface 0.0.0.0:0 to multicast group 230.0.0.1:6666.
[2019.10.17-02.50.12:186][  0]SourceControl: 源码管理已禁用
[2019.10.17-02.50.12:186][  0]SourceControl: 源码管理已禁用
[2019.10.17-02.50.12:205][  0]SourceControl: 源码管理已禁用
[2019.10.17-02.50.12:221][  0]SourceControl: 源码管理已禁用
[2019.10.17-02.50.13:060][  0]LogAndroidPermission: UAndroidPermissionCallbackProxy::GetInstance
[2019.10.17-02.50.13:835][  0]LogOcInput: OculusInput pre-init called
[2019.10.17-02.50.13:891][  0]LogWindows: Failed to load 'OVRPlugin.dll' (GetLastError=126)
[2019.10.17-02.50.13:892][  0]LogWindows: File 'OVRPlugin.dll' does not exist
[2019.10.17-02.50.14:076][  0]LogEngine: Initializing Engine...
[2019.10.17-02.50.14:079][  0]LogHMD: Failed to initialize OpenVR with code 110
[2019.10.17-02.50.14:080][  0]LogStats: UGameplayTagsManager::InitializeManager -  0.000 s
[2019.10.17-02.50.15:022][  0]LogDerivedDataCache: Display: Failed to cache data. Maximum cache size reached. CurrentSize 461932 kb / MaxSize: 524288 kb
[2019.10.17-02.50.15:023][  0]LogInit: Initializing FReadOnlyCVARCache
[2019.10.17-02.50.15:068][  0]LogAIModule: Creating AISystem for world Untitled
[2019.10.17-02.50.15:246][  0]LogInit: XAudio2 using '扬声器 (Realtek High Definition Audio)' : 2 channels at 48 kHz using 32 bits per sample (channel mask 0x3)
[2019.10.17-02.50.15:317][  0]LogInit: FAudioDevice initialized.
[2019.10.17-02.50.15:317][  0]LogNetVersion: Set ProjectVersion to 1.0.0.0. Version Checksum will be recalculated on next use.
[2019.10.17-02.50.16:786][  0]LogDerivedDataCache: Saved boot cache 1.47s 450MB ../../../../UnrealProj/RenderLearn423/DerivedDataCache/Boot.ddc.
[2019.10.17-02.50.16:818][  0]LogInit: Texture streaming: Enabled
[2019.10.17-02.50.16:919][  0]LogEngineSessionManager: EngineSessionManager initialized
[2019.10.17-02.50.16:989][  0]LogInit: Transaction tracking system initialized
[2019.10.17-02.50.17:141][  0]BlueprintLog: New page: 编辑器加载
[2019.10.17-02.50.17:528][  0]LocalizationService: 本地化服务已禁用
[2019.10.17-02.50.18:125][  0]LogFileCache: Scanning file cache for directory 'F:/UnrealProj/RenderLearn423/Content/' took 0.01s
[2019.10.17-02.50.18:125][  0]LogCook: Display: Max memory allowance for cook 16384mb min free memory 0mb
[2019.10.17-02.50.18:125][  0]LogCook: Display: Mobile HDR setting 1
[2019.10.17-02.50.19:056][  0]SourceControl: 源码管理已禁用
[2019.10.17-02.50.19:057][  0]Cmd: MAP LOAD FILE="../../../../UnrealProj/RenderLearn423/Content/StarterContent/Maps/Minimal_Default.umap" TEMPLATE=0 SHOWPROGRESS=1 FEATURELEVEL=3
[2019.10.17-02.50.19:058][  0]LightingResults: New page: 光照构建
[2019.10.17-02.50.19:061][  0]LogWorld: UWorld::CleanupWorld for Untitled, bSessionEnded=true, bCleanupResources=true
[2019.10.17-02.50.19:062][  0]MapCheck: New page: 地图检测
[2019.10.17-02.50.19:062][  0]LightingResults: New page: 光照构建
[2019.10.17-02.50.19:084][  0]LogUObjectHash: Compacting FUObjectHashTables data took   1.58ms
[2019.10.17-02.50.19:303][  0]LogAIModule: Creating AISystem for world Minimal_Default
[2019.10.17-02.50.19:310][  0]LogEditorServer: Finished looking for orphan Actors (0.000 secs)
[2019.10.17-02.50.19:420][  0]LogUObjectHash: Compacting FUObjectHashTables data took   1.72ms
[2019.10.17-02.50.19:420][  0]Cmd: MAP CHECKDEP NOCLEARLOG
[2019.10.17-02.50.19:421][  0]MapCheck: 地图检测完成：0个错误、0个警告、完成用时0.254毫秒。
[2019.10.17-02.50.19:421][  0]LogFileHelpers: Loading map 'Minimal_Default' took 0.364
[2019.10.17-02.50.19:546][  0]RenderDocPlugin: Attaching toolbar extension...
[2019.10.17-02.50.19:548][  0]LogSlate: Updating window title bar state: overlay mode, drag disabled, window buttons hidden, title bar hidden
[2019.10.17-02.50.19:555][  0]RenderDocPlugin: Attaching toolbar extension...
[2019.10.17-02.50.19:557][  0]LogSlate: Updating window title bar state: overlay mode, drag disabled, window buttons hidden, title bar hidden
[2019.10.17-02.50.19:562][  0]RenderDocPlugin: Attaching toolbar extension...
[2019.10.17-02.50.19:564][  0]LogSlate: Updating window title bar state: overlay mode, drag disabled, window buttons hidden, title bar hidden
[2019.10.17-02.50.19:569][  0]RenderDocPlugin: Attaching toolbar extension...
[2019.10.17-02.50.19:571][  0]LogSlate: Updating window title bar state: overlay mode, drag disabled, window buttons hidden, title bar hidden
[2019.10.17-02.50.19:597][  0]LogCollectionManager: Loaded 0 collections in 0.001818 seconds
[2019.10.17-02.50.19:612][  0]LogFileCache: Scanning file cache for directory 'F:/UnrealProj/RenderLearn423/Saved/Collections/' took 0.00s
[2019.10.17-02.50.19:612][  0]LogFileCache: Scanning file cache for directory 'F:/UnrealProj/RenderLearn423/Content/Developers/WuDf/Collections/' took 0.00s
[2019.10.17-02.50.19:613][  0]LogFileCache: Scanning file cache for directory 'F:/UnrealProj/RenderLearn423/Content/Collections/' took 0.00s
[2019.10.17-02.50.19:613][  0]LogCollectionManager: Rebuilt the GUID cache for 0 collections in 0.000001 seconds
[2019.10.17-02.50.19:621][  0]LogContentBrowser: Native class hierarchy populated in 0.0078 seconds. Added 2865 classes and 686 folders.
[2019.10.17-02.50.19:629][  0]LogContentBrowser: Native class hierarchy updated for 'WidgetCarousel' in 0.0003 seconds. Added 0 classes and 0 folders.
[2019.10.17-02.50.19:684][  0]LogContentBrowser: Native class hierarchy updated for 'AddContentDialog' in 0.0003 seconds. Added 0 classes and 0 folders.
[2019.10.17-02.50.19:709][  0]LogContentBrowser: Native class hierarchy updated for 'SceneOutliner' in 0.0007 seconds. Added 1 classes and 2 folders.
[2019.10.17-02.50.19:723][  0]LogSlate: Took 0.000222 seconds to synchronously load lazily loaded font '../../../Engine/Content/Slate/Fonts/Roboto-Regular.ttf' (155K)
[2019.10.17-02.50.19:726][  0]LogSlate: Took 0.001815 seconds to synchronously load lazily loaded font '../../../Engine/Content/Slate/Fonts/DroidSansFallback.ttf' (3848K)
[2019.10.17-02.50.19:727][  0]LogSlate: Took 0.000270 seconds to synchronously load lazily loaded font '../../../Engine/Content/Slate/Fonts/Roboto-Bold.ttf' (160K)
[2019.10.17-02.50.19:730][  0]LogSlate: Took 0.000217 seconds to synchronously load lazily loaded font '../../../Engine/Content/Editor/Slate/Fonts/FontAwesome.ttf' (139K)
[2019.10.17-02.50.19:801][  0]LogRenderer: Reallocating scene render targets to support 1208x536 Format 10 NumSamples 1 (Frame:1).
[2019.10.17-02.50.20:045][  0]LogSlate: Took 0.000145 seconds to synchronously load lazily loaded font '../../../Engine/Content/Slate/Fonts/Roboto-Light.ttf' (167K)
[2019.10.17-02.50.20:165][  0]LogContentBrowser: Native class hierarchy updated for 'HierarchicalLODOutliner' in 0.0004 seconds. Added 0 classes and 0 folders.
[2019.10.17-02.50.20:165][  0]LogLoad: (Engine Initialization) Total time: 16.62 seconds
[2019.10.17-02.50.20:165][  0]LogLoad: (Engine Initialization) Total Blueprint compile time: 0.00 seconds
[2019.10.17-02.50.20:194][  0]LogWindowsTextInputMethodSystem: Display: IME system now activated using TSF (微软拼音).
[2019.10.17-02.50.20:196][  0]RenderDocPlugin: Creating dummy input device (for intercepting engine ticks)
[2019.10.17-02.50.20:449][  0]LogAssetRegistry: Asset discovery search completed in 12.2952 seconds
[2019.10.17-02.50.20:453][  0]LogCollectionManager: Rebuilt the object cache for 0 collections in 0.000007 seconds (found 0 objects)
[2019.10.17-02.50.20:453][  0]LogCollectionManager: Fixed up redirectors for 0 collections in 0.000203 seconds (updated 0 objects)
[2019.10.17-02.50.20:454][  0]LogContentStreaming: Texture pool size now 1000 MB
[2019.10.17-02.50.20:471][  1]LogD3D11RHI: Error: NvAPI is not available under RenderDoc
[2019.10.17-02.50.21:781][134]LogSlate: FSceneViewport::OnFocusLost() reason 0
[2019.10.17-02.50.21:959][155]LogSlate: Took 0.000209 seconds to synchronously load lazily loaded font '../../../Engine/Content/Slate/Fonts/Roboto-Light.ttf' (167K)
[2019.10.17-02.50.21:970][155]LogAssetEditorManager: Opening Asset editor for Blueprint /Game/NewBlueprint.NewBlueprint
[2019.10.17-02.50.22:202][155]LogContentBrowser: Native class hierarchy updated for 'BlueprintGraph' in 0.0006 seconds. Added 121 classes and 0 folders.
[2019.10.17-02.50.22:957][155]LogSlate: Took 0.000227 seconds to synchronously load lazily loaded font '../../../Engine/Content/Slate/Fonts/Roboto-BoldCondensed.ttf' (158K)
[2019.10.17-02.52.14:638][200]BlueprintLog: New page: 编译NewBlueprint
[2019.10.17-02.52.14:791][200]LogUObjectHash: Compacting FUObjectHashTables data took   3.07ms
[2019.10.17-02.52.15:217][239]Cmd: OBJ SAVEPACKAGE PACKAGE="/Game/NewBlueprint" FILE="../../../../UnrealProj/RenderLearn423/Content/NewBlueprint.uasset" SILENT=true
[2019.10.17-02.52.15:239][239]LogSavePackage: Moving '../../../../UnrealProj/RenderLearn423/Saved/NewBlueprint58DA07924510E3403C83F194F437EB2F.tmp' to '../../../../UnrealProj/RenderLearn423/Content/NewBlueprint.uasset'
[2019.10.17-02.52.15:964][322]LogSlate: Window 'NewBlueprint' being destroyed
[2019.10.17-02.52.15:969][322]LogSlate: Window 'NewBlueprint' being destroyed
[2019.10.17-02.52.15:970][322]LogWorld: UWorld::CleanupWorld for World_1, bSessionEnded=true, bCleanupResources=true
[2019.10.17-02.52.16:881][426]LogTemp: Repeating last play command: 选中的视口
[2019.10.17-02.52.16:886][426]LogBlueprintUserMessages: Early PlayInEditor Detection: Level '/Game/StarterContent/Maps/Minimal_Default.Minimal_Default:PersistentLevel' has LevelScriptBlueprint '/Game/StarterContent/Maps/Minimal_Default.Minimal_Default:PersistentLevel.Minimal_Default' with GeneratedClass '/Game/StarterContent/Maps/Minimal_Default.Minimal_Default_C' with ClassGeneratedBy '/Game/StarterContent/Maps/Minimal_Default.Minimal_Default:PersistentLevel.Minimal_Default'
[2019.10.17-02.52.16:886][426]LogPlayLevel: PlayLevel: No blueprints needed recompiling
[2019.10.17-02.52.16:886][426]PIE: New page: PIE会话：Minimal_Default（2019年10月17日 下午6:52:16）
[2019.10.17-02.52.16:889][426]LogOnline: OSS: Creating online subsystem instance for: NULL
[2019.10.17-02.52.16:891][426]LogPlayLevel: Creating play world package: /Game/StarterContent/Maps/UEDPIE_0_Minimal_Default
[2019.10.17-02.52.16:895][426]LogPlayLevel: PIE: StaticDuplicateObject took: (0.002980s)
[2019.10.17-02.52.16:896][426]LogAIModule: Creating AISystem for world Minimal_Default
[2019.10.17-02.52.16:896][426]LogPlayLevel: PIE: World Init took: (0.001328s)
[2019.10.17-02.52.16:896][426]LogPlayLevel: PIE: Created PIE world by copying editor world from /Game/StarterContent/Maps/Minimal_Default.Minimal_Default to /Game/StarterContent/Maps/UEDPIE_0_Minimal_Default.Minimal_Default (0.005149s)
[2019.10.17-02.52.16:928][426]LogUObjectHash: Compacting FUObjectHashTables data took   2.83ms
[2019.10.17-02.52.16:957][426]LogInit: XAudio2 using '扬声器 (Realtek High Definition Audio)' : 2 channels at 48 kHz using 32 bits per sample (channel mask 0x3)
[2019.10.17-02.52.16:981][426]LogInit: FAudioDevice initialized.
[2019.10.17-02.52.16:997][426]LogUObjectGlobals: Warning: 寻找对象“Class /Script/RenderLearn423.RenderLearn423GameMode”失败
[2019.10.17-02.52.16:997][426]LogLoad: Game class is 'GameModeBase'
[2019.10.17-02.52.16:999][426]LogWorld: Bringing World /Game/StarterContent/Maps/UEDPIE_0_Minimal_Default.Minimal_Default up for play (max tick rate 0) at 2019.10.17-10.52.16
[2019.10.17-02.52.17:000][426]LogWorld: Bringing up level for play took: 0.000952
[2019.10.17-02.52.17:000][426]LogOnline: OSS: Creating online subsystem instance for: :Context_3
[2019.10.17-02.52.17:012][426]LogContentBrowser: Native class hierarchy updated for 'MovieSceneCapture' in 0.0004 seconds. Added 20 classes and 0 folders.
[2019.10.17-02.52.17:013][426]PIE: /Game/StarterContent/Maps/UEDPIE_0_Minimal_Default在编辑器中运行的起始时间-0.073
[2019.10.17-02.52.17:014][426]LogBlueprintUserMessages: Late PlayInEditor Detection: Level '/Game/StarterContent/Maps/Minimal_Default.Minimal_Default:PersistentLevel' has LevelScriptBlueprint '/Game/StarterContent/Maps/Minimal_Default.Minimal_Default:PersistentLevel.Minimal_Default' with GeneratedClass '/Game/StarterContent/Maps/Minimal_Default.Minimal_Default_C' with ClassGeneratedBy '/Game/StarterContent/Maps/Minimal_Default.Minimal_Default:PersistentLevel.Minimal_Default'
[2019.10.17-02.52.17:114][426]LogSlate: Last resort fallback font was requested. Font: '/Engine/EngineFonts/Faces/RobotoRegular.RobotoRegular', Character: '光 (U+5149)'
[2019.10.17-02.52.17:118][426]LogSlate: Took 0.002262 seconds to synchronously load lazily loaded font '../../../Engine/Content/SlateDebug/Fonts/LastResort.ttf' (5269K)
[2019.10.17-02.52.43:569][222]LogBlueprintUserMessages: Early EndPlayMap Detection: Level '/Game/StarterContent/Maps/Minimal_Default.Minimal_Default:PersistentLevel' has LevelScriptBlueprint '/Game/StarterContent/Maps/Minimal_Default.Minimal_Default:PersistentLevel.Minimal_Default' with GeneratedClass '/Game/StarterContent/Maps/Minimal_Default.Minimal_Default_C' with ClassGeneratedBy '/Game/StarterContent/Maps/Minimal_Default.Minimal_Default:PersistentLevel.Minimal_Default'
[2019.10.17-02.52.43:569][222]LogSlate: Updating window title bar state: overlay mode, drag disabled, window buttons hidden, title bar hidden
[2019.10.17-02.52.43:569][222]LogWorld: BeginTearingDown for /Game/StarterContent/Maps/UEDPIE_0_Minimal_Default
[2019.10.17-02.52.43:570][222]LogWorld: UWorld::CleanupWorld for Minimal_Default, bSessionEnded=true, bCleanupResources=true
[2019.10.17-02.52.43:591][222]LogPlayLevel: Display: Shutting down PIE online subsystems
[2019.10.17-02.52.43:591][222]LogBlueprintUserMessages: Late EndPlayMap Detection: Level '/Game/StarterContent/Maps/Minimal_Default.Minimal_Default:PersistentLevel' has LevelScriptBlueprint '/Game/StarterContent/Maps/Minimal_Default.Minimal_Default:PersistentLevel.Minimal_Default' with GeneratedClass '/Game/StarterContent/Maps/Minimal_Default.Minimal_Default_C' with ClassGeneratedBy '/Game/StarterContent/Maps/Minimal_Default.Minimal_Default:PersistentLevel.Minimal_Default'
[2019.10.17-02.52.43:626][222]LogSlate: Updating window title bar state: overlay mode, drag disabled, window buttons hidden, title bar hidden
[2019.10.17-02.52.43:664][222]LogUObjectHash: Compacting FUObjectHashTables data took   3.44ms
[2019.10.17-02.52.43:685][223]LogPlayLevel: Display: Destroying online subsystem :Context_3
[2019.10.17-02.52.44:666][334]LogSlate: FSceneViewport::OnFocusLost() reason 0
[2019.10.17-02.52.44:861][356]LogAssetEditorManager: Opening Asset editor for TextureRenderTarget2D /Game/TestRenderTarget2d.TestRenderTarget2d
[2019.10.17-02.52.44:894][356]LogContentBrowser: Native class hierarchy updated for 'TextureEditor' in 0.0004 seconds. Added 1 classes and 2 folders.
[2019.10.17-02.52.51:621][125]LogSlate: Window 'TestRenderTarget2d' being destroyed
[2019.10.17-02.52.51:626][125]LogSlate: Window 'TestRenderTarget2d' being destroyed
[2019.10.17-02.55.59:135][644]LogSlate: FSceneViewport::OnFocusLost() reason 0
[2019.10.17-02.55.59:288][654]LogAssetEditorManager: Opening Asset editor for Blueprint /Game/NewBlueprint.NewBlueprint
[2019.10.17-02.56.04:521][211]BlueprintLog: New page: 编译NewBlueprint
[2019.10.17-02.56.04:793][211]LogUObjectHash: Compacting FUObjectHashTables data took   3.97ms
[2019.10.17-02.56.05:557][294]LogSlate: Window 'NewBlueprint' being destroyed
[2019.10.17-02.56.05:562][294]LogSlate: Window 'NewBlueprint' being destroyed
[2019.10.17-02.56.05:562][294]LogWorld: UWorld::CleanupWorld for World_2, bSessionEnded=true, bCleanupResources=true
[2019.10.17-02.56.07:004][455]LogUObjectHash: Compacting FUObjectHashTables data took   2.89ms
[2019.10.17-02.56.08:070][455]LogSlate: Window '保存内容' being destroyed
[2019.10.17-02.56.08:090][455]Cmd: OBJ SAVEPACKAGE PACKAGE="/Game/NewBlueprint" FILE="../../../../UnrealProj/RenderLearn423/Content/NewBlueprint.uasset" SILENT=true
[2019.10.17-02.56.08:109][455]LogSavePackage: Moving '../../../../UnrealProj/RenderLearn423/Saved/NewBlueprint1101763E4FBBB2FAF1D1FC9148B51362.tmp' to '../../../../UnrealProj/RenderLearn423/Content/NewBlueprint.uasset'
[2019.10.17-02.56.08:140][455]LogUObjectHash: Compacting FUObjectHashTables data took   0.76ms
[2019.10.17-02.56.08:284][455]LogSavePackage: Moving '../../../../UnrealProj/RenderLearn423/Saved/Minimal_Default7AB2C5454E9FA33C446DBA92DE6BE93C.tmp' to '../../../../UnrealProj/RenderLearn423/Content/StarterContent/Maps/Minimal_Default.umap'
[2019.10.17-02.56.08:298][455]LogFileHelpers: Saving map 'Minimal_Default' took 0.181
[2019.10.17-02.56.09:027][532]LogUObjectHash: Compacting FUObjectHashTables data took   3.05ms
[2019.10.17-02.56.09:054][532]LogSlate: Window 'RenderLearn423 - 虚幻编辑器' being destroyed
[2019.10.17-02.56.09:068][532]LogWindowsTextInputMethodSystem: Display: IME system now activated using TSF (微软拼音).
[2019.10.17-02.56.09:206][533]Cmd: QUIT_EDITOR
[2019.10.17-02.56.09:244][533]LogExit: Preparing to exit.
[2019.10.17-02.56.09:764][533]LogWorld: UWorld::CleanupWorld for World_0, bSessionEnded=true, bCleanupResources=true
[2019.10.17-02.56.09:786][533]LogDemo: Cleaned up 0 splitscreen connections with owner deletion
[2019.10.17-02.56.09:799][533]LogWorld: UWorld::CleanupWorld for None, bSessionEnded=true, bCleanupResources=true
[2019.10.17-02.56.09:799][533]LogExit: Editor shut down
[2019.10.17-02.56.09:799][533]LogExit: Transaction tracking system shut down
[2019.10.17-02.56.10:016][533]LogExit: Object subsystem successfully closed.
[2019.10.17-02.56.10:057][533]LogShaderCompilers: Display: Shaders left to compile 0
[2019.10.17-02.56.10:090][533]LogModuleManager: Shutting down and abandoning module TextureEditor (664)
[2019.10.17-02.56.10:090][533]LogModuleManager: Shutting down and abandoning module MovieSceneCapture (662)
[2019.10.17-02.56.10:090][533]LogModuleManager: Shutting down and abandoning module Voice (660)
[2019.10.17-02.56.10:090][533]LogModuleManager: Shutting down and abandoning module BlueprintGraph (658)
[2019.10.17-02.56.10:090][533]LogModuleManager: Shutting down and abandoning module HierarchicalLODOutliner (656)
[2019.10.17-02.56.10:090][533]LogModuleManager: Shutting down and abandoning module SceneOutliner (654)
[2019.10.17-02.56.10:090][533]LogModuleManager: Shutting down and abandoning module AddContentDialog (652)
[2019.10.17-02.56.10:091][533]LogModuleManager: Shutting down and abandoning module WidgetCarousel (651)
[2019.10.17-02.56.10:091][533]LogModuleManager: Shutting down and abandoning module EditorWidgets (648)
[2019.10.17-02.56.10:091][533]LogModuleManager: Shutting down and abandoning module CollectionManager (646)
[2019.10.17-02.56.10:091][533]LogModuleManager: Shutting down and abandoning module StatsViewer (644)
[2019.10.17-02.56.10:091][533]LogModuleManager: Shutting down and abandoning module VirtualTexturingEditor (642)
[2019.10.17-02.56.10:091][533]LogModuleManager: Shutting down and abandoning module FoliageEdit (640)
[2019.10.17-02.56.10:092][533]LogModuleManager: Shutting down and abandoning module LandscapeEditor (638)
[2019.10.17-02.56.10:092][533]LogModuleManager: Shutting down and abandoning module MeshPaintMode (636)
[2019.10.17-02.56.10:092][533]LogModuleManager: Shutting down and abandoning module SceneDepthPickerMode (634)
[2019.10.17-02.56.10:092][533]LogModuleManager: Shutting down and abandoning module ActorPickerMode (632)
[2019.10.17-02.56.10:092][533]LogModuleManager: Shutting down and abandoning module GeometryMode (630)
[2019.10.17-02.56.10:092][533]LogModuleManager: Shutting down and abandoning module TextureAlignMode (628)
[2019.10.17-02.56.10:092][533]LogModuleManager: Shutting down and abandoning module BspMode (626)
[2019.10.17-02.56.10:092][533]LogModuleManager: Shutting down and abandoning module PIEPreviewDeviceProfileSelector (624)
[2019.10.17-02.56.10:092][533]LogModuleManager: Shutting down and abandoning module SequenceRecorderSections (622)
[2019.10.17-02.56.10:092][533]LogModuleManager: Shutting down and abandoning module AutomationWorker (620)
[2019.10.17-02.56.10:093][533]LogModuleManager: Shutting down and abandoning module OculusMR (618)
[2019.10.17-02.56.10:093][533]LogModuleManager: Shutting down and abandoning module AudioCaptureEditor (616)
[2019.10.17-02.56.10:093][533]LogModuleManager: Shutting down and abandoning module MatineeToLevelSequence (614)
[2019.10.17-02.56.10:093][533]LogModuleManager: Shutting down and abandoning module LevelSequenceEditor (612)
[2019.10.17-02.56.10:093][533]LogModuleManager: Shutting down and abandoning module PlacementMode (611)
[2019.10.17-02.56.10:093][533]LogModuleManager: Shutting down and abandoning module MaterialEditor (610)
[2019.10.17-02.56.10:093][533]LogModuleManager: Shutting down and abandoning module ActorSequenceEditor (606)
[2019.10.17-02.56.10:094][533]LogModuleManager: Shutting down and abandoning module WmfMediaFactory (604)
[2019.10.17-02.56.10:094][533]LogModuleManager: Shutting down and abandoning module WmfMediaEditor (602)
[2019.10.17-02.56.10:094][533]LogModuleManager: Shutting down and abandoning module WebMMediaFactory (600)
[2019.10.17-02.56.10:094][533]LogModuleManager: Shutting down and abandoning module WebMMediaEditor (598)
[2019.10.17-02.56.10:094][533]LogModuleManager: Shutting down and abandoning module WebMMedia (596)
[2019.10.17-02.56.10:094][533]LogModuleManager: Shutting down and abandoning module MediaPlayerEditor (594)
[2019.10.17-02.56.10:094][533]LogModuleManager: Shutting down and abandoning module MediaCompositingEditor (592)
[2019.10.17-02.56.10:094][533]LogModuleManager: Shutting down and abandoning module SequenceRecorder (591)
[2019.10.17-02.56.10:094][533]LogModuleManager: Shutting down and abandoning module OpenExrWrapper (588)
[2019.10.17-02.56.10:094][533]LogModuleManager: Shutting down and abandoning module ImgMediaFactory (586)
[2019.10.17-02.56.10:094][533]LogModuleManager: Shutting down and abandoning module ImgMediaEditor (584)
[2019.10.17-02.56.10:095][533]LogModuleManager: Shutting down and abandoning module AvfMediaFactory (582)
[2019.10.17-02.56.10:095][533]LogModuleManager: Shutting down and abandoning module AvfMediaEditor (580)
[2019.10.17-02.56.10:095][533]LogModuleManager: Shutting down and abandoning module AndroidMediaFactory (578)
[2019.10.17-02.56.10:095][533]LogModuleManager: Shutting down and abandoning module AndroidMediaEditor (576)
[2019.10.17-02.56.10:095][533]LogModuleManager: Shutting down and abandoning module MagicLeapCameraPreviewFactory (574)
[2019.10.17-02.56.10:095][533]LogModuleManager: Shutting down and abandoning module MagicLeapMediaCodecFactory (572)
[2019.10.17-02.56.10:095][533]LogModuleManager: Shutting down and abandoning module MagicLeapMediaFactory (570)
[2019.10.17-02.56.10:095][533]LogModuleManager: Shutting down and abandoning module MagicLeapMediaEditor (568)
[2019.10.17-02.56.10:095][533]LogModuleManager: Shutting down and abandoning module CharacterAI (566)
[2019.10.17-02.56.10:095][533]LogModuleManager: Shutting down and abandoning module SmartSnapping (564)
[2019.10.17-02.56.10:095][533]LogModuleManager: Shutting down and abandoning module SessionServices (562)
[2019.10.17-02.56.10:095][533]LogModuleManager: Shutting down and abandoning module MeshPaint (560)
[2019.10.17-02.56.10:096][533]LogModuleManager: Shutting down and abandoning module ViewportSnapping (558)
[2019.10.17-02.56.10:096][533]LogModuleManager: Shutting down and abandoning module ViewportInteraction (556)
[2019.10.17-02.56.10:096][533]LogModuleManager: Shutting down and abandoning module ClothPainter (554)
[2019.10.17-02.56.10:096][533]LogModuleManager: Shutting down and abandoning module SkeletalMeshEditor (553)
[2019.10.17-02.56.10:096][533]LogModuleManager: Shutting down and abandoning module LogVisualizer (550)
[2019.10.17-02.56.10:096][533]LogModuleManager: Shutting down and abandoning module IntroTutorials (548)
[2019.10.17-02.56.10:096][533]LogModuleManager: Shutting down and abandoning module GameProjectGeneration (547)
[2019.10.17-02.56.10:097][533]LogModuleManager: Shutting down and abandoning module LuminPlatformEditor (544)
[2019.10.17-02.56.10:097][533]LogModuleManager: Shutting down and abandoning module IOSPlatformEditor (542)
[2019.10.17-02.56.10:097][533]LogModuleManager: Shutting down and abandoning module HTML5PlatformEditor (540)
[2019.10.17-02.56.10:097][533]LogModuleManager: Shutting down and abandoning module AndroidPlatformEditor (538)
[2019.10.17-02.56.10:097][533]LogModuleManager: Shutting down and abandoning module AndroidDeviceDetection (537)
[2019.10.17-02.56.10:789][533]LogModuleManager: Shutting down and abandoning module WindowsPlatformEditor (534)
[2019.10.17-02.56.10:789][533]LogModuleManager: Shutting down and abandoning module LuminRuntimeSettings (532)
[2019.10.17-02.56.10:789][533]LogModuleManager: Shutting down and abandoning module IOSRuntimeSettings (530)
[2019.10.17-02.56.10:789][533]LogModuleManager: Shutting down and abandoning module AndroidRuntimeSettings (528)
[2019.10.17-02.56.10:789][533]LogModuleManager: Shutting down and abandoning module TimeManagementEditor (526)
[2019.10.17-02.56.10:790][533]LogModuleManager: Shutting down and abandoning module InputBindingEditor (524)
[2019.10.17-02.56.10:790][533]LogModuleManager: Shutting down and abandoning module MergeActors (522)
[2019.10.17-02.56.10:790][533]LogModuleManager: Shutting down and abandoning module LocalizationDashboard (520)
[2019.10.17-02.56.10:790][533]LogModuleManager: Shutting down and abandoning module LocalizationService (519)
[2019.10.17-02.56.10:790][533]LogModuleManager: Shutting down and abandoning module HardwareTargeting (516)
[2019.10.17-02.56.10:790][533]LogModuleManager: Shutting down and abandoning module DeviceProfileEditor (514)
[2019.10.17-02.56.10:791][533]LogModuleManager: Shutting down and abandoning module UndoHistory (512)
[2019.10.17-02.56.10:791][533]LogModuleManager: Shutting down and abandoning module XmlParser (510)
[2019.10.17-02.56.10:791][533]LogModuleManager: Shutting down and abandoning module Blutility (508)
[2019.10.17-02.56.10:791][533]LogModuleManager: Shutting down and abandoning module ProjectSettingsViewer (506)
[2019.10.17-02.56.10:791][533]LogModuleManager: Shutting down and abandoning module ProjectTargetPlatformEditor (505)
[2019.10.17-02.56.10:792][533]LogModuleManager: Shutting down and abandoning module EditorSettingsViewer (502)
[2019.10.17-02.56.10:792][533]LogModuleManager: Shutting down and abandoning module SettingsEditor (500)
[2019.10.17-02.56.10:792][533]LogModuleManager: Shutting down and abandoning module ProjectLauncher (498)
[2019.10.17-02.56.10:792][533]LogModuleManager: Shutting down and abandoning module SessionFrontend (496)
[2019.10.17-02.56.10:792][533]LogModuleManager: Shutting down and abandoning module ProfilerClient (494)
[2019.10.17-02.56.10:792][533]LogModuleManager: Shutting down and abandoning module DeviceManager (492)
[2019.10.17-02.56.10:793][533]LogModuleManager: Shutting down and abandoning module TargetDeviceServices (491)
[2019.10.17-02.56.10:848][533]LogModuleManager: Shutting down and abandoning module AutomationController (488)
[2019.10.17-02.56.10:848][533]LogModuleManager: Shutting down and abandoning module AutomationWindow (486)
[2019.10.17-02.56.10:849][533]LogModuleManager: Shutting down and abandoning module Layers (484)
[2019.10.17-02.56.10:849][533]LogModuleManager: Shutting down and abandoning module ComponentVisualizers (482)
[2019.10.17-02.56.10:849][533]LogModuleManager: Shutting down and abandoning module DetailCustomizations (480)
[2019.10.17-02.56.10:850][533]LogModuleManager: Shutting down and abandoning module PackagesDialog (478)
[2019.10.17-02.56.10:851][533]LogModuleManager: Shutting down and abandoning module AnimationBlueprintEditor (476)
[2019.10.17-02.56.10:851][533]LogModuleManager: Shutting down and abandoning module Persona (474)
[2019.10.17-02.56.10:852][533]LogModuleManager: Shutting down and abandoning module AdvancedPreviewScene (473)
[2019.10.17-02.56.10:852][533]LogModuleManager: Shutting down and abandoning module AnimGraph (471)
[2019.10.17-02.56.10:852][533]LogModuleManager: Shutting down and abandoning module Kismet (468)
[2019.10.17-02.56.10:872][533]LogModuleManager: Shutting down and abandoning module KismetWidgets (467)
[2019.10.17-02.56.10:873][533]LogModuleManager: Shutting down and abandoning module GraphEditor (464)
[2019.10.17-02.56.10:873][533]LogModuleManager: Shutting down and abandoning module StructViewer (462)
[2019.10.17-02.56.10:874][533]LogModuleManager: Shutting down and abandoning module ClassViewer (460)
[2019.10.17-02.56.10:874][533]LogModuleManager: Shutting down and abandoning module Toolbox (458)
[2019.10.17-02.56.10:874][533]LogModuleManager: Shutting down and abandoning module DesktopPlatform (457)
[2019.10.17-02.56.10:875][533]LogModuleManager: Shutting down and abandoning module ModuleUI (454)
[2019.10.17-02.56.10:875][533]LogModuleManager: Shutting down and abandoning module MovieSceneTools (452)
[2019.10.17-02.56.10:875][533]LogModuleManager: Shutting down and abandoning module OutputLog (450)
[2019.10.17-02.56.10:876][533]LogModuleManager: Shutting down and abandoning module GammaUI (448)
[2019.10.17-02.56.10:877][533]LogModuleManager: Shutting down and abandoning module Documentation (446)
[2019.10.17-02.56.10:877][533]LogModuleManager: Shutting down and abandoning module LiveCoding (444)
[2019.10.17-02.56.10:878][533]LogModuleManager: Shutting down and abandoning module LevelSequence (442)
[2019.10.17-02.56.10:879][533]LogModuleManager: Shutting down and abandoning module MovieSceneTracks (440)
[2019.10.17-02.56.10:879][533]LogModuleManager: Shutting down and abandoning module MovieScene (438)
[2019.10.17-02.56.10:880][533]LogModuleManager: Shutting down and abandoning module StreamingPauseRendering (436)
[2019.10.17-02.56.10:880][533]LogModuleManager: Shutting down and abandoning module LauncherPlatform (434)
[2019.10.17-02.56.10:881][533]LogModuleManager: Shutting down and abandoning module AnalyticsET (432)
[2019.10.17-02.56.10:881][533]LogModuleManager: Shutting down and abandoning module PortalServices (430)
[2019.10.17-02.56.10:881][533]LogModuleManager: Shutting down and abandoning module PortalRpc (428)
[2019.10.17-02.56.10:882][533]LogModuleManager: Shutting down and abandoning module MessagingRpc (426)
[2019.10.17-02.56.10:882][533]LogModuleManager: Shutting down and abandoning module AIModule (424)
[2019.10.17-02.56.10:882][533]LogModuleManager: Shutting down and abandoning module GameplayDebugger (423)
[2019.10.17-02.56.10:883][533]LogModuleManager: Shutting down and abandoning module AITestSuite (421)
[2019.10.17-02.56.10:883][533]LogModuleManager: Shutting down and abandoning module NavigationSystem (419)
[2019.10.17-02.56.10:883][533]LogModuleManager: Shutting down and abandoning module ImageWriteQueue (416)
[2019.10.17-02.56.10:903][533]LogModuleManager: Shutting down and abandoning module ProfilerService (414)
[2019.10.17-02.56.11:126][533]LogModuleManager: Shutting down and abandoning module TaskGraph (412)
[2019.10.17-02.56.11:126][533]LogModuleManager: Shutting down and abandoning module ScreenshotTools (410)
[2019.10.17-02.56.11:126][533]LogModuleManager: Shutting down and abandoning module SteamVRController (408)
[2019.10.17-02.56.11:127][533]LogModuleManager: Shutting down and abandoning module ProceduralMeshComponentEditor (406)
[2019.10.17-02.56.11:127][533]LogModuleManager: Shutting down and abandoning module ProceduralMeshComponent (404)
[2019.10.17-02.56.11:127][533]LogModuleManager: Shutting down and abandoning module OculusEditor (402)
[2019.10.17-02.56.11:127][533]LogModuleManager: Shutting down and abandoning module OculusInput (400)
[2019.10.17-02.56.11:127][533]LogModuleManager: Shutting down and abandoning module MobilePatchingUtils (398)
[2019.10.17-02.56.11:127][533]LogModuleManager: Shutting down and abandoning module EditableMesh (396)
[2019.10.17-02.56.11:127][533]LogModuleManager: Shutting down and abandoning module CustomMeshComponent (394)
[2019.10.17-02.56.11:128][533]LogModuleManager: Shutting down and abandoning module CableComponent (392)
[2019.10.17-02.56.11:128][533]LogModuleManager: Shutting down and abandoning module AudioCapture (390)
[2019.10.17-02.56.11:128][533]LogModuleManager: Shutting down and abandoning module ArchVisCharacter (388)
[2019.10.17-02.56.11:128][533]LogModuleManager: Shutting down and abandoning module AppleImageUtilsBlueprintSupport (386)
[2019.10.17-02.56.11:129][533]LogModuleManager: Shutting down and abandoning module AppleImageUtils (384)
[2019.10.17-02.56.11:129][533]LogModuleManager: Shutting down and abandoning module AndroidPermission (382)
[2019.10.17-02.56.11:129][533]LogModuleManager: Shutting down and abandoning module NUTUnrealEngine4 (380)
[2019.10.17-02.56.11:130][533]LogModuleManager: Shutting down and abandoning module NetcodeUnitTest (378)
[2019.10.17-02.56.11:130][533]LogModuleManager: Shutting down and abandoning module MediaCompositing (376)
[2019.10.17-02.56.11:130][533]LogModuleManager: Shutting down and abandoning module ImgMedia (374)
[2019.10.17-02.56.11:130][533]LogModuleManager: Shutting down and abandoning module MagicLeapHelperVulkan (372)
[2019.10.17-02.56.11:131][533]LogModuleManager: Shutting down and abandoning module MagicLeapHelperOpenGL (370)
[2019.10.17-02.56.11:131][533]LogModuleManager: Shutting down and abandoning module MagicLeapAudio (368)
[2019.10.17-02.56.11:131][533]LogModuleManager: Shutting down and abandoning module HTML5Networking (366)
[2019.10.17-02.56.11:131][533]LogModuleManager: Shutting down and abandoning module GeometryCacheTracks (364)
[2019.10.17-02.56.11:132][533]LogModuleManager: Shutting down and abandoning module GeometryCacheSequencer (362)
[2019.10.17-02.56.11:132][533]LogModuleManager: Shutting down and abandoning module BackChannel (360)
[2019.10.17-02.56.11:132][533]LogModuleManager: Shutting down and abandoning module AutomationUtilsEditor (358)
[2019.10.17-02.56.11:133][533]LogModuleManager: Shutting down and abandoning module AutomationUtils (356)
[2019.10.17-02.56.11:133][533]LogModuleManager: Shutting down and abandoning module AlembicImporter (354)
[2019.10.17-02.56.11:133][533]LogModuleManager: Shutting down and abandoning module AlembicLibrary (353)
[2019.10.17-02.56.11:133][533]LogModuleManager: Shutting down and abandoning module GeometryCache (352)
[2019.10.17-02.56.11:134][533]LogModuleManager: Shutting down and abandoning module GeometryCacheEd (351)
[2019.10.17-02.56.11:134][533]LogModuleManager: Shutting down and abandoning module VariantManagerContent (346)
[2019.10.17-02.56.11:134][533]LogModuleManager: Shutting down and abandoning module DatasmithContentEditor (344)
[2019.10.17-02.56.11:135][533]LogModuleManager: Shutting down and abandoning module SpeedTreeImporter (342)
[2019.10.17-02.56.11:135][533]LogModuleManager: Shutting down and abandoning module PluginBrowser (340)
[2019.10.17-02.56.11:135][533]LogModuleManager: Shutting down and abandoning module MobileLauncherProfileWizard (338)
[2019.10.17-02.56.11:136][533]LogModuleManager: Shutting down and abandoning module MaterialAnalyzer (336)
[2019.10.17-02.56.11:136][533]LogModuleManager: Shutting down and abandoning module CurveEditorTools (334)
[2019.10.17-02.56.11:136][533]LogModuleManager: Shutting down and abandoning module CurveEditor (333)
[2019.10.17-02.56.11:137][533]LogModuleManager: Shutting down and abandoning module CryptoKeysOpenSSL (330)
[2019.10.17-02.56.11:137][533]LogModuleManager: Shutting down and abandoning module CryptoKeys (328)
[2019.10.17-02.56.11:138][533]LogModuleManager: Shutting down and abandoning module VisualStudioSourceCodeAccess (326)
[2019.10.17-02.56.11:138][533]LogModuleManager: Shutting down and abandoning module VisualStudioCodeSourceCodeAccess (324)
[2019.10.17-02.56.11:138][533]LogModuleManager: Shutting down and abandoning module UObjectPlugin (322)
[2019.10.17-02.56.11:138][533]LogModuleManager: Shutting down and abandoning module SubversionSourceControl (320)
[2019.10.17-02.56.11:139][533]LogModuleManager: Shutting down and abandoning module PerforceSourceControl (318)
[2019.10.17-02.56.11:139][533]LogModuleManager: Shutting down and abandoning module GitSourceControl (316)
[2019.10.17-02.56.11:139][533]LogModuleManager: Shutting down and abandoning module SourceControl (315)
[2019.10.17-02.56.11:140][533]LogModuleManager: Shutting down and abandoning module CLionSourceCodeAccess (312)
[2019.10.17-02.56.11:140][533]LogModuleManager: Shutting down and abandoning module AnimationSharingEd (310)
[2019.10.17-02.56.11:140][533]LogModuleManager: Shutting down and abandoning module ActorLayerUtilitiesEditor (308)
[2019.10.17-02.56.11:141][533]LogModuleManager: Shutting down and abandoning module ActorLayerUtilities (306)
[2019.10.17-02.56.11:141][533]LogModuleManager: Shutting down and abandoning module LightPropagationVolumeEditor (304)
[2019.10.17-02.56.11:141][533]LogModuleManager: Shutting down and abandoning module PaperTiledImporter (302)
[2019.10.17-02.56.11:142][533]LogModuleManager: Shutting down and abandoning module PaperSpriteSheetImporter (300)
[2019.10.17-02.56.11:142][533]LogModuleManager: Shutting down and abandoning module Paper2DEditor (298)
[2019.10.17-02.56.11:142][533]LogModuleManager: Shutting down and abandoning module RenderLearn423 (296)
[2019.10.17-02.56.11:143][533]LogModuleManager: Shutting down and abandoning module SignificanceManager (294)
[2019.10.17-02.56.11:143][533]LogModuleManager: Shutting down and abandoning module RuntimePhysXCooking (292)
[2019.10.17-02.56.11:143][533]LogModuleManager: Shutting down and abandoning module PhysXVehiclesEditor (290)
[2019.10.17-02.56.11:144][533]LogModuleManager: Shutting down and abandoning module LocationServicesBPLibrary (286)
[2019.10.17-02.56.11:144][533]LogModuleManager: Shutting down and abandoning module ActorSequence (284)
[2019.10.17-02.56.11:145][533]LogModuleManager: Shutting down and abandoning module UdpMessaging (282)
[2019.10.17-02.56.11:246][533]LogModuleManager: Shutting down and abandoning module TcpMessaging (280)
[2019.10.17-02.56.11:347][533]LogModuleManager: Shutting down and abandoning module MagicLeapIdentity (278)
[2019.10.17-02.56.11:347][533]LogModuleManager: Shutting down and abandoning module MagicLeapSecureStorage (276)
[2019.10.17-02.56.11:347][533]LogModuleManager: Shutting down and abandoning module MagicLeapHandTracking (274)
[2019.10.17-02.56.11:348][533]LogModuleManager: Shutting down and abandoning module MagicLeapEyeTracker (272)
[2019.10.17-02.56.11:348][533]LogModuleManager: Shutting down and abandoning module MagicLeapController (270)
[2019.10.17-02.56.11:349][533]LogSlate: Slate User Destroyed.  User Index 0, Is Virtual User: 0
[2019.10.17-02.56.11:349][533]LogModuleManager: Shutting down and abandoning module MagicLeapAR (268)
[2019.10.17-02.56.11:349][533]LogModuleManager: Shutting down and abandoning module AugmentedReality (267)
[2019.10.17-02.56.11:350][533]LogModuleManager: Shutting down and abandoning module GameplayTagsEditor (264)
[2019.10.17-02.56.11:350][533]LogModuleManager: Shutting down and abandoning module FacialAnimationEditor (262)
[2019.10.17-02.56.11:351][533]LogModuleManager: Shutting down and abandoning module FacialAnimation (260)
[2019.10.17-02.56.11:351][533]LogModuleManager: Shutting down and abandoning module DataValidation (258)
[2019.10.17-02.56.11:351][533]LogModuleManager: Shutting down and abandoning module AssetManagerEditor (256)
[2019.10.17-02.56.11:352][533]LogModuleManager: Shutting down and abandoning module LevelEditor (255)
[2019.10.17-02.56.11:354][533]LogModuleManager: Shutting down and abandoning module PixelInspectorModule (254)
[2019.10.17-02.56.11:354][533]LogModuleManager: Shutting down and abandoning module CommonMenuExtensions (252)
[2019.10.17-02.56.11:355][533]LogModuleManager: Shutting down and abandoning module MainFrame (250)
[2019.10.17-02.56.11:355][533]LogModuleManager: Shutting down and abandoning module HotReload (249)
[2019.10.17-02.56.11:359][533]LogModuleManager: Shutting down and abandoning module ContentBrowser (245)
[2019.10.17-02.56.11:365][533]LogModuleManager: Shutting down and abandoning module TreeMap (243)
[2019.10.17-02.56.11:366][533]LogModuleManager: Shutting down and abandoning module AnimationSharing (240)
[2019.10.17-02.56.11:366][533]LogModuleManager: Shutting down and abandoning module LightPropagationVolumeRuntime (238)
[2019.10.17-02.56.11:367][533]LogModuleManager: Shutting down and abandoning module Paper2D (236)
[2019.10.17-02.56.11:367][533]LogModuleManager: Shutting down and abandoning module WindowsMoviePlayer (234)
[2019.10.17-02.56.11:381][533]LogModuleManager: Shutting down and abandoning module WebMMoviePlayer (232)
[2019.10.17-02.56.11:381][533]LogModuleManager: Shutting down and abandoning module NetworkReplayStreaming (230)
[2019.10.17-02.56.11:381][533]LogModuleManager: Shutting down and abandoning module PacketHandler (228)
[2019.10.17-02.56.11:381][533]LogModuleManager: Shutting down and abandoning module ClothingSystemEditor (226)
[2019.10.17-02.56.11:381][533]LogModuleManager: Shutting down and abandoning module ClothingSystemRuntime (224)
[2019.10.17-02.56.11:382][533]LogModuleManager: Shutting down and abandoning module MediaAssets (222)
[2019.10.17-02.56.11:382][533]LogModuleManager: Shutting down and abandoning module Overlay (220)
[2019.10.17-02.56.11:382][533]LogModuleManager: Shutting down and abandoning module OverlayEditor (219)
[2019.10.17-02.56.11:382][533]LogModuleManager: Shutting down and abandoning module VREditor (216)
[2019.10.17-02.56.11:383][533]LogModuleManager: Shutting down and abandoning module StringTableEditor (214)
[2019.10.17-02.56.11:383][533]LogModuleManager: Shutting down and abandoning module GameplayTasksEditor (212)
[2019.10.17-02.56.11:383][533]LogModuleManager: Shutting down and abandoning module BehaviorTreeEditor (210)
[2019.10.17-02.56.11:383][533]LogModuleManager: Shutting down and abandoning module FunctionalTesting (208)
[2019.10.17-02.56.11:383][533]LogModuleManager: Shutting down and abandoning module CollisionAnalyzer (206)
[2019.10.17-02.56.11:384][533]LogModuleManager: Shutting down and abandoning module WorkspaceMenuStructure (205)
[2019.10.17-02.56.11:384][533]LogModuleManager: Shutting down and abandoning module UMG (202)
[2019.10.17-02.56.11:384][533]LogModuleManager: Shutting down and abandoning module UMGEditor (201)
[2019.10.17-02.56.11:384][533]LogModuleManager: Shutting down and abandoning module Sequencer (200)
[2019.10.17-02.56.11:385][533]LogModuleManager: Shutting down and abandoning module MessageLog (197)
[2019.10.17-02.56.11:385][533]LogModuleManager: Shutting down and abandoning module SlateReflector (192)
[2019.10.17-02.56.11:385][533]LogModuleManager: Shutting down and abandoning module Slate (190)
[2019.10.17-02.56.11:385][533]LogModuleManager: Shutting down and abandoning module LandscapeEditorUtilities (188)
[2019.10.17-02.56.11:385][533]LogModuleManager: Shutting down and abandoning module EditorStyle (186)
[2019.10.17-02.56.11:389][533]LogModuleManager: Shutting down and abandoning module UnrealEd (184)
[2019.10.17-02.56.11:389][533]LogModuleManager: Shutting down and abandoning module MRMesh (182)
[2019.10.17-02.56.11:389][533]LogModuleManager: Shutting down and abandoning module SourceCodeAccess (180)
[2019.10.17-02.56.11:389][533]LogModuleManager: Shutting down and abandoning module HeadMountedDisplay (178)
[2019.10.17-02.56.11:389][533]LogModuleManager: Shutting down and abandoning module XAudio2 (176)
[2019.10.17-02.56.11:390][533]LogModuleManager: Shutting down and abandoning module Networking (174)
[2019.10.17-02.56.11:390][533]LogModuleManager: Shutting down and abandoning module Core (172)
[2019.10.17-02.56.11:390][533]LogModuleManager: Shutting down and abandoning module KismetCompiler (170)
[2019.10.17-02.56.11:390][533]LogModuleManager: Shutting down and abandoning module MeshUtilities (168)
[2019.10.17-02.56.11:390][533]LogModuleManager: Shutting down and abandoning module MeshMergeUtilities (167)
[2019.10.17-02.56.11:391][533]LogModuleManager: Shutting down and abandoning module MeshReductionInterface (166)
[2019.10.17-02.56.11:391][533]LogModuleManager: Shutting down and abandoning module SkeletalMeshReduction (165)
[2019.10.17-02.56.11:391][533]LogModuleManager: Shutting down and abandoning module ProxyLODMeshReduction (163)
[2019.10.17-02.56.11:391][533]LogModuleManager: Shutting down and abandoning module QuadricMeshReduction (161)
[2019.10.17-02.56.11:392][533]LogModuleManager: Shutting down and abandoning module MaterialBaking (157)
[2019.10.17-02.56.11:392][533]LogModuleManager: Shutting down and abandoning module DerivedDataCache (152)
[2019.10.17-02.56.11:422][533]LogDerivedDataCache: Shutdown
[2019.10.17-02.56.11:422][533]LogModuleManager: Shutting down and abandoning module XGEController (150)
[2019.10.17-02.56.11:422][533]LogXGEController: Cleaning working directory: C:/Users/wud-f/AppData/Local/Temp/UnrealXGEWorkingDir/
[2019.10.17-02.56.11:424][533]LogModuleManager: Shutting down and abandoning module TargetPlatform (148)
[2019.10.17-02.56.11:424][533]LogModuleManager: Shutting down and abandoning module VulkanShaderFormat (147)
[2019.10.17-02.56.11:424][533]LogModuleManager: Shutting down and abandoning module ShaderFormatOpenGL (145)
[2019.10.17-02.56.11:424][533]LogModuleManager: Shutting down and abandoning module ShaderFormatD3D (143)
[2019.10.17-02.56.11:424][533]LogModuleManager: Shutting down and abandoning module MetalShaderFormat (141)
[2019.10.17-02.56.11:425][533]LogModuleManager: Shutting down and abandoning module TextureFormatUncompressed (139)
[2019.10.17-02.56.11:425][533]LogModuleManager: Shutting down and abandoning module TextureFormatPVR (137)
[2019.10.17-02.56.11:425][533]LogModuleManager: Shutting down and abandoning module TextureFormatDXT (135)
[2019.10.17-02.56.11:425][533]LogModuleManager: Shutting down and abandoning module TextureFormatIntelISPCTexComp (133)
[2019.10.17-02.56.11:427][533]LogModuleManager: Shutting down and abandoning module TextureFormatASTC (131)
[2019.10.17-02.56.11:427][533]LogModuleManager: Shutting down and abandoning module ImageWrapper (130)
[2019.10.17-02.56.11:428][533]LogModuleManager: Shutting down and abandoning module AudioFormatOpus (127)
[2019.10.17-02.56.11:428][533]LogModuleManager: Shutting down and abandoning module AudioFormatOgg (125)
[2019.10.17-02.56.11:428][533]LogModuleManager: Shutting down and abandoning module AudioFormatADPCM (123)
[2019.10.17-02.56.11:428][533]LogModuleManager: Shutting down and abandoning module LuminTargetPlatform (121)
[2019.10.17-02.56.11:429][533]LogModuleManager: Shutting down and abandoning module TVOSTargetPlatform (119)
[2019.10.17-02.56.11:431][533]LogModuleManager: Shutting down and abandoning module Messaging (117)
[2019.10.17-02.56.11:431][533]LogModuleManager: Shutting down and abandoning module IOSTargetPlatform (115)
[2019.10.17-02.56.11:432][533]LogModuleManager: Shutting down and abandoning module HTML5TargetPlatform (113)
[2019.10.17-02.56.11:432][533]LogModuleManager: Shutting down and abandoning module AndroidTargetPlatform (111)
[2019.10.17-02.56.11:441][533]LogModuleManager: Shutting down and abandoning module WindowsTargetPlatform (109)
[2019.10.17-02.56.11:441][533]LogModuleManager: Shutting down and abandoning module WindowsServerTargetPlatform (107)
[2019.10.17-02.56.11:441][533]LogModuleManager: Shutting down and abandoning module WindowsNoEditorTargetPlatform (105)
[2019.10.17-02.56.11:442][533]LogModuleManager: Shutting down and abandoning module WindowsClientTargetPlatform (103)
[2019.10.17-02.56.11:442][533]LogModuleManager: Shutting down and abandoning module MacTargetPlatform (101)
[2019.10.17-02.56.11:442][533]LogModuleManager: Shutting down and abandoning module MacServerTargetPlatform (99)
[2019.10.17-02.56.11:442][533]LogModuleManager: Shutting down and abandoning module MacNoEditorTargetPlatform (97)
[2019.10.17-02.56.11:442][533]LogModuleManager: Shutting down and abandoning module MacClientTargetPlatform (95)
[2019.10.17-02.56.11:442][533]LogModuleManager: Shutting down and abandoning module AllDesktopTargetPlatform (93)
[2019.10.17-02.56.11:442][533]LogModuleManager: Shutting down and abandoning module InputCore (90)
[2019.10.17-02.56.11:442][533]LogModuleManager: Shutting down and abandoning module Settings (88)
[2019.10.17-02.56.11:442][533]LogModuleManager: Shutting down and abandoning module DirectoryWatcher (86)
[2019.10.17-02.56.11:443][533]LogModuleManager: Shutting down and abandoning module PhysXCooking (84)
[2019.10.17-02.56.11:443][533]LogModuleManager: Shutting down and abandoning module WindowsPlatformFeatures (82)
[2019.10.17-02.56.11:443][533]LogModuleManager: Shutting down and abandoning module GameplayMediaEncoder (81)
[2019.10.17-02.56.11:443][533]LogModuleManager: Shutting down and abandoning module TestShader (78)
[2019.10.17-02.56.11:443][533]LogModuleManager: Shutting down and abandoning module SteamVR (76)
[2019.10.17-02.56.11:444][533]LogHMD: Freeing OpenVRDLLHandle.
[2019.10.17-02.56.11:444][533]LogModuleManager: Shutting down and abandoning module OculusHMD (74)
[2019.10.17-02.56.11:444][533]LogModuleManager: Shutting down and abandoning module ExampleDeviceProfileSelector (72)
[2019.10.17-02.56.11:444][533]LogModuleManager: Shutting down and abandoning module LauncherChunkInstaller (70)
[2019.10.17-02.56.11:444][533]LogModuleManager: Shutting down and abandoning module OnlineBlueprintSupport (68)
[2019.10.17-02.56.11:444][533]LogModuleManager: Shutting down and abandoning module OnlineSubsystem (64)
[2019.10.17-02.56.11:447][533]LogModuleManager: Shutting down and abandoning module HTTP (59)
[2019.10.17-02.56.11:447][533]LogHttp: Display: Http module shutting down, but needs to wait on 1 outstanding Http requests:
[2019.10.17-02.56.11:448][533]LogHttp: Display: 	verb=[POST] url=[https://datarouter.ol.epicgames.com/datarouter/api/v1/public/data?SessionID=%7BDEC19D9C-4669-0947-4652-B997BB28B534%7D&AppID=UEEditor.UnrealEngine.Release&AppVersion=4.23.0-0%2B%2B%2BUE4%2BRelease-4.23&UserID=178a5eb14b979bb36a32b8a9f4eb07ed%7C996c02c7fe2948678f486e3b047290ac%7C9d14e9e5-7cee-4c5d-94f8-92bc1cbb7fc5&AppEnvironment=datacollector-source&UploadType=eteventstream] status=Processing
[2019.10.17-02.56.11:448][533]LogHttp: Display: Sleeping 0.5s to wait for 1 outstanding Http requests.
[2019.10.17-02.56.11:949][533]LogHttp: Display: Sleeping 0.5s to wait for 1 outstanding Http requests.
[2019.10.17-02.56.12:450][533]LogHttp: Display: Sleeping 0.5s to wait for 1 outstanding Http requests.
[2019.10.17-02.56.12:951][533]LogHttp: Display: Sleeping 0.5s to wait for 1 outstanding Http requests.
[2019.10.17-02.56.13:452][533]LogHttp: Display: Sleeping 0.5s to wait for 1 outstanding Http requests.
[2019.10.17-02.56.13:953][533]LogHttp: Display: Sleeping 0.5s to wait for 1 outstanding Http requests.
[2019.10.17-02.56.14:454][533]LogHttp: Display: Sleeping 0.5s to wait for 1 outstanding Http requests.
[2019.10.17-02.56.14:954][533]LogHttp: Display: Sleeping 0.5s to wait for 1 outstanding Http requests.
[2019.10.17-02.56.15:455][533]LogHttp: Display: Sleeping 0.5s to wait for 1 outstanding Http requests.
[2019.10.17-02.56.15:956][533]LogHttp: Display: Sleeping 0.5s to wait for 1 outstanding Http requests.
[2019.10.17-02.56.16:457][533]LogHttp: Display: Sleeping 0.5s to wait for 1 outstanding Http requests.
[2019.10.17-02.56.16:958][533]LogHttp: Display: Sleeping 0.5s to wait for 1 outstanding Http requests.
[2019.10.17-02.56.17:459][533]LogHttp: Display: Sleeping 0.5s to wait for 1 outstanding Http requests.
[2019.10.17-02.56.17:960][533]LogHttp: Display: Sleeping 0.5s to wait for 1 outstanding Http requests.
[2019.10.17-02.56.18:461][533]LogHttp: Display: Sleeping 0.5s to wait for 1 outstanding Http requests.
[2019.10.17-02.56.18:962][533]LogHttp: Display: Sleeping 0.5s to wait for 1 outstanding Http requests.
[2019.10.17-02.56.19:464][533]LogHttp: Display: Sleeping 0.5s to wait for 1 outstanding Http requests.
[2019.10.17-02.56.19:964][533]LogHttp: Display: Sleeping 0.5s to wait for 1 outstanding Http requests.
[2019.10.17-02.56.20:464][533]LogHttp: Display: Sleeping 0.5s to wait for 1 outstanding Http requests.
[2019.10.17-02.56.20:965][533]LogHttp: Display: Sleeping 0.5s to wait for 1 outstanding Http requests.
[2019.10.17-02.56.21:467][533]LogHttp: Display: Sleeping 0.5s to wait for 1 outstanding Http requests.
[2019.10.17-02.56.21:967][533]LogHttp: Display: Sleeping 0.5s to wait for 1 outstanding Http requests.
[2019.10.17-02.56.22:468][533]LogHttp: Display: Sleeping 0.5s to wait for 1 outstanding Http requests.
[2019.10.17-02.56.22:969][533]LogHttp: Display: Sleeping 0.5s to wait for 1 outstanding Http requests.
[2019.10.17-02.56.23:470][533]LogHttp: Display: Sleeping 0.5s to wait for 1 outstanding Http requests.
[2019.10.17-02.56.23:972][533]LogHttp: Display: Sleeping 0.5s to wait for 1 outstanding Http requests.
[2019.10.17-02.56.24:473][533]LogHttp: Display: Sleeping 0.5s to wait for 1 outstanding Http requests.
[2019.10.17-02.56.24:973][533]LogHttp: Display: Sleeping 0.5s to wait for 1 outstanding Http requests.
