Log file open, 10/17/19 10:59:31
LogWindows: Failed to load 'aqProf.dll' (GetLastError=126)
LogWindows: File 'aqProf.dll' does not exist
LogWindows: Failed to load 'VtuneApi.dll' (GetLastError=126)
LogWindows: File 'VtuneApi.dll' does not exist
LogWindows: Failed to load 'VtuneApi32e.dll' (GetLastError=126)
LogWindows: File 'VtuneApi32e.dll' does not exist
LogConsoleResponse: Display: Failed to find resolution value strings in scalability ini. Falling back to default.
LogInit: Display: Running engine for game: RenderLearn423
LogPlatformFile: Not using cached read wrapper
LogTaskGraph: Started task graph with 5 named threads and 23 total threads with 3 sets of task threads.
LogStats: Stats thread started at 0.193546
LogD3D11RHI: Loaded GFSDK_Aftermath_Lib.x64.dll
LogICUInternationalization: ICU TimeZone Detection - Raw Offset: +8:00, Platform Override: ''
LogPluginManager: Mounting plugin Paper2D
LogPluginManager: Mounting plugin AISupport
LogPluginManager: Mounting plugin LightPropagationVolume
LogPluginManager: Mounting plugin ActorLayerUtilities
LogPluginManager: Mounting plugin AnimationSharing
LogPluginManager: Mounting plugin CLionSourceCodeAccess
LogPluginManager: Mounting plugin CodeLiteSourceCodeAccess
LogPluginManager: Mounting plugin GitSourceControl
LogPluginManager: Mounting plugin KDevelopSourceCodeAccess
LogPluginManager: Mounting plugin NullSourceCodeAccess
LogPluginManager: Mounting plugin PerforceSourceControl
LogPluginManager: Mounting plugin RenderDocPlugin
LogPluginManager: Mounting plugin SubversionSourceControl
LogPluginManager: Mounting plugin UObjectPlugin
LogPluginManager: Mounting plugin VisualStudioCodeSourceCodeAccess
LogPluginManager: Mounting plugin VisualStudioSourceCodeAccess
LogPluginManager: Mounting plugin XCodeSourceCodeAccess
LogPluginManager: Mounting plugin AssetManagerEditor
LogPluginManager: Mounting plugin CryptoKeys
LogPluginManager: Mounting plugin CurveEditorTools
LogPluginManager: Mounting plugin DataValidation
LogPluginManager: Mounting plugin FacialAnimation
LogPluginManager: Mounting plugin GameplayTagsEditor
LogPluginManager: Mounting plugin MacGraphicsSwitching
LogPluginManager: Mounting plugin MaterialAnalyzer
LogPluginManager: Mounting plugin MobileLauncherProfileWizard
LogPluginManager: Mounting plugin PluginBrowser
LogPluginManager: Mounting plugin SpeedTreeImporter
LogPluginManager: Mounting plugin DatasmithContent
LogPluginManager: Mounting plugin VariantManagerContent
LogPluginManager: Mounting plugin AlembicImporter
LogPluginManager: Mounting plugin AutomationUtils
LogPluginManager: Mounting plugin BackChannel
LogPluginManager: Mounting plugin CharacterAI
LogPluginManager: Mounting plugin GeometryCache
LogPluginManager: Mounting plugin HTML5Networking
LogPluginManager: Mounting plugin PlatformCrypto
LogPluginManager: Mounting plugin ProxyLODPlugin
LogPluginManager: Mounting plugin SkeletalReduction
LogPluginManager: Mounting plugin MagicLeap
LogPluginManager: Mounting plugin MagicLeapMedia
LogPluginManager: Mounting plugin AndroidMedia
LogPluginManager: Mounting plugin AvfMedia
LogPluginManager: Mounting plugin ImgMedia
LogPluginManager: Mounting plugin MediaCompositing
LogPluginManager: Mounting plugin MediaPlayerEditor
LogPluginManager: Mounting plugin WebMMedia
LogPluginManager: Mounting plugin WmfMedia
LogPluginManager: Mounting plugin TcpMessaging
LogPluginManager: Mounting plugin UdpMessaging
LogPluginManager: Mounting plugin ActorSequence
LogPluginManager: Mounting plugin LevelSequenceEditor
LogPluginManager: Mounting plugin MatineeToLevelSequence
LogPluginManager: Mounting plugin NetcodeUnitTest
LogPluginManager: Mounting plugin NUTUnrealEngine4
LogPluginManager: Mounting plugin OnlineSubsystemGooglePlay
LogPluginManager: Mounting plugin OnlineSubsystemIOS
LogPluginManager: Mounting plugin OnlineSubsystem
LogPluginManager: Mounting plugin OnlineSubsystemNull
LogPluginManager: Mounting plugin OnlineSubsystemUtils
LogPluginManager: Mounting plugin LauncherChunkInstaller
LogPluginManager: Mounting plugin AndroidDeviceProfileSelector
LogPluginManager: Mounting plugin AndroidMoviePlayer
LogPluginManager: Mounting plugin AndroidPermission
LogPluginManager: Mounting plugin AppleImageUtils
LogPluginManager: Mounting plugin AppleMoviePlayer
LogPluginManager: Mounting plugin ArchVisCharacter
LogPluginManager: Mounting plugin AudioCapture
LogPluginManager: Mounting plugin CableComponent
LogPluginManager: Mounting plugin CustomMeshComponent
LogPluginManager: Mounting plugin EditableMesh
LogPluginManager: Mounting plugin ExampleDeviceProfileSelector
LogPluginManager: Mounting plugin GoogleCloudMessaging
LogPluginManager: Mounting plugin IOSDeviceProfileSelector
LogPluginManager: Mounting plugin LinuxDeviceProfileSelector
LogPluginManager: Mounting plugin LocationServicesBPLibrary
LogPluginManager: Mounting plugin MobilePatchingUtils
LogPluginManager: Mounting plugin OculusVR
LogPluginManager: Mounting plugin PhysXVehicles
LogPluginManager: Mounting plugin ProceduralMeshComponent
LogPluginManager: Mounting plugin RuntimePhysXCooking
LogPluginManager: Mounting plugin SignificanceManager
LogPluginManager: Mounting plugin SteamVR
LogPluginManager: Mounting plugin WebMMoviePlayer
LogPluginManager: Mounting plugin WindowsMoviePlayer
LogPluginManager: Mounting plugin ScreenshotTools
LogPluginManager: Mounting plugin TestShader
RenderDocPlugin: locating RenderDoc library (renderdoc.dll)...
LogConfig: Applying CVar settings from Section [/Script/RenderDocPlugin.RenderDocPluginSettings] File [F:/UnrealProj/RenderLearn423/Saved/Config/Windows/Engine.ini]
RenderDocPlugin: a RenderDoc library has been located at: C:\Program Files\RenderDoc/renderdoc.dll
RenderDocPlugin: RenderDoc library has been loaded (RenderDoc API v1.4.0).
RenderDocPlugin: plugin has been loaded successfully.
RenderDocPlugin: RenderDoc plugin is ready!
LogInit: Using libcurl 7.55.1-DEV
LogInit:  - built for x86_64-pc-win32
LogInit:  - supports SSL with OpenSSL/1.1.1
LogInit:  - supports HTTP deflate (compression) using libz 1.2.8
LogInit:  - other features:
LogInit:      CURL_VERSION_SSL
LogInit:      CURL_VERSION_LIBZ
LogInit:      CURL_VERSION_IPV6
LogInit:      CURL_VERSION_ASYNCHDNS
LogInit:      CURL_VERSION_LARGEFILE
LogInit:      CURL_VERSION_IDN
LogInit:  CurlRequestOptions (configurable via config and command line):
LogInit:  - bVerifyPeer = true  - Libcurl will verify peer certificate
LogInit:  - bUseHttpProxy = false  - Libcurl will NOT use HTTP proxy
LogInit:  - bDontReuseConnections = false  - Libcurl will reuse connections
LogInit:  - MaxHostConnections = 16  - Libcurl will limit the number of connections to a host
LogInit:  - LocalHostAddr = Default
LogInit:  - BufferSize = 65536
LogOnline: OSS: Creating online subsystem instance for: NULL
LogInit: WinSock: version 1.1 (2.2), MaxSocks=32767, MaxUdp=65467
LogInit: Build: ++UE4+Release-4.23-CL-0
LogInit: Engine Version: 4.23.0-0+++UE4+Release-4.23
LogInit: Compatible Engine Version: 4.23.0-0+++UE4+Release-4.23
LogInit: Net CL: 0
LogInit: OS: Windows 10 (Release 1803) (), CPU: Intel(R) Core(TM) i7-7700 CPU @ 3.60GHz, GPU: NVIDIA GeForce GTX 1050
LogInit: Compiled (64-bit): Sep 26 2019 14:58:41
LogInit: Compiled with Visual C++: 19.16.27034.00
LogInit: Build Configuration: Development
LogInit: Branch Name: ++UE4+Release-4.23
LogInit: Command Line:  -skipcompile
LogInit: Base Directory: F:/UnrealEngine/Engine/Binaries/Win64/
LogInit: Installed Engine Build: 0
LogDevObjectVersion: Number of dev versions registered: 23
LogDevObjectVersion:   Dev-Blueprints (B0D832E4-1F89-4F0D-ACCF-7EB736FD4AA2): 10
LogDevObjectVersion:   Dev-Build (E1C64328-A22C-4D53-A36C-8E866417BD8C): 0
LogDevObjectVersion:   Dev-Core (375EC13C-06E4-48FB-B500-84F0262A717E): 3
LogDevObjectVersion:   Dev-Editor (E4B068ED-F494-42E9-A231-DA0B2E46BB41): 34
LogDevObjectVersion:   Dev-Framework (CFFC743F-43B0-4480-9391-14DF171D2073): 35
LogDevObjectVersion:   Dev-Mobile (B02B49B5-BB20-44E9-A304-32B752E40360): 2
LogDevObjectVersion:   Dev-Networking (A4E4105C-59A1-49B5-A7C5-40C4547EDFEE): 0
LogDevObjectVersion:   Dev-Online (39C831C9-5AE6-47DC-9A44-9C173E1C8E7C): 0
LogDevObjectVersion:   Dev-Physics (78F01B33-EBEA-4F98-B9B4-84EACCB95AA2): 0
LogDevObjectVersion:   Dev-Platform (6631380F-2D4D-43E0-8009-CF276956A95A): 0
LogDevObjectVersion:   Dev-Rendering (12F88B9F-8875-4AFC-A67C-D90C383ABD29): 31
LogDevObjectVersion:   Dev-Sequencer (7B5AE74C-D270-4C10-A958-57980B212A5A): 11
LogDevObjectVersion:   Dev-VR (D7296918-1DD6-4BDD-9DE2-64A83CC13884): 2
LogDevObjectVersion:   Dev-LoadTimes (C2A15278-BFE7-4AFE-6C17-90FF531DF755): 1
LogDevObjectVersion:   Private-Geometry (6EACA3D4-40EC-4CC1-B786-8BED09428FC5): 3
LogDevObjectVersion:   Dev-AnimPhys (29E575DD-E0A3-4627-9D10-D276232CDCEA): 17
LogDevObjectVersion:   Dev-Anim (AF43A65D-7FD3-4947-9873-3E8ED9C1BB05): 2
LogDevObjectVersion:   Dev-ReflectionCapture (6B266CEC-1EC7-4B8F-A30B-E4D90942FC07): 1
LogDevObjectVersion:   Dev-Automation (0DF73D61-A23F-47EA-B727-89E90C41499A): 1
LogDevObjectVersion:   FortniteMain (601D1886-AC64-4F84-AA16-D3DE0DEAC7D6): 27
LogDevObjectVersion:   Dev-Enterprise (9DFFBCD6-494F-0158-E221-12823C92A888): 6
LogDevObjectVersion:   Dev-Niagara (F2AED0AC-9AFE-416F-8664-AA7FFA26D6FC): 1
LogDevObjectVersion:   Dev-Destruction (174F1F0B-B4C6-45A5-B13F-2EE8D0FB917D): 9
LogInit: Presizing for max 16777216 objects, including 0 objects not considered by GC, pre-allocating 0 bytes for permanent pool.
LogInit: Object subsystem initialized
LogConfig: Setting CVar [[con.DebugEarlyDefault:1]]
LogConfig: Setting CVar [[r.setres:1280x720]]
[2019.10.17-02.59.31:850][  0]LogConfig: Setting CVar [[r.VSync:0]]
[2019.10.17-02.59.31:850][  0]LogConfig: Setting CVar [[r.RHICmdBypass:0]]
[2019.10.17-02.59.31:850][  0]LogConfig: Applying CVar settings from Section [/Script/Engine.RendererSettings] File [F:/UnrealProj/RenderLearn423/Saved/Config/Windows/Engine.ini]
[2019.10.17-02.59.31:850][  0]LogConfig: Setting CVar [[r.GPUCrashDebugging:0]]
[2019.10.17-02.59.31:850][  0]LogConfig: Setting CVar [[r.DefaultFeature.AutoExposure.ExtendDefaultLuminanceRange:1]]
[2019.10.17-02.59.31:850][  0]LogConfig: Applying CVar settings from Section [/Script/Engine.RendererOverrideSettings] File [F:/UnrealProj/RenderLearn423/Saved/Config/Windows/Engine.ini]
[2019.10.17-02.59.31:850][  0]LogConfig: Applying CVar settings from Section [/Script/Engine.StreamingSettings] File [F:/UnrealProj/RenderLearn423/Saved/Config/Windows/Engine.ini]
[2019.10.17-02.59.31:850][  0]LogConfig: Setting CVar [[s.MinBulkDataSizeForAsyncLoading:131072]]
[2019.10.17-02.59.31:850][  0]LogConfig: Setting CVar [[s.AsyncLoadingThreadEnabled:0]]
[2019.10.17-02.59.31:850][  0]LogConfig: Setting CVar [[s.EventDrivenLoaderEnabled:1]]
[2019.10.17-02.59.31:850][  0]LogConfig: Setting CVar [[s.WarnIfTimeLimitExceeded:0]]
[2019.10.17-02.59.31:850][  0]LogConfig: Setting CVar [[s.TimeLimitExceededMultiplier:1.5]]
[2019.10.17-02.59.31:850][  0]LogConfig: Setting CVar [[s.TimeLimitExceededMinTime:0.005]]
[2019.10.17-02.59.31:850][  0]LogConfig: Setting CVar [[s.UseBackgroundLevelStreaming:1]]
[2019.10.17-02.59.31:850][  0]LogConfig: Setting CVar [[s.PriorityAsyncLoadingExtraTime:15.0]]
[2019.10.17-02.59.31:850][  0]LogConfig: Setting CVar [[s.LevelStreamingActorsUpdateTimeLimit:5.0]]
[2019.10.17-02.59.31:851][  0]LogConfig: Setting CVar [[s.PriorityLevelStreamingActorsUpdateExtraTime:5.0]]
[2019.10.17-02.59.31:851][  0]LogConfig: Setting CVar [[s.LevelStreamingComponentsRegistrationGranularity:10]]
[2019.10.17-02.59.31:851][  0]LogConfig: Setting CVar [[s.UnregisterComponentsTimeLimit:1.0]]
[2019.10.17-02.59.31:851][  0]LogConfig: Setting CVar [[s.LevelStreamingComponentsUnregistrationGranularity:5]]
[2019.10.17-02.59.31:851][  0]LogConfig: Applying CVar settings from Section [/Script/Engine.GarbageCollectionSettings] File [F:/UnrealProj/RenderLearn423/Saved/Config/Windows/Engine.ini]
[2019.10.17-02.59.31:851][  0]LogConfig: Setting CVar [[gc.MaxObjectsNotConsideredByGC:1]]
[2019.10.17-02.59.31:851][  0]LogConfig: Setting CVar [[gc.SizeOfPermanentObjectPool:0]]
[2019.10.17-02.59.31:851][  0]LogConfig: Setting CVar [[gc.FlushStreamingOnGC:0]]
[2019.10.17-02.59.31:851][  0]LogConfig: Setting CVar [[gc.NumRetriesBeforeForcingGC:10]]
[2019.10.17-02.59.31:851][  0]LogConfig: Setting CVar [[gc.AllowParallelGC:1]]
[2019.10.17-02.59.31:851][  0]LogConfig: Setting CVar [[gc.TimeBetweenPurgingPendingKillObjects:61.1]]
[2019.10.17-02.59.31:851][  0]LogConfig: Setting CVar [[gc.MaxObjectsInEditor:16777216]]
[2019.10.17-02.59.31:851][  0]LogConfig: Setting CVar [[gc.IncrementalBeginDestroyEnabled:1]]
[2019.10.17-02.59.31:851][  0]LogConfig: Setting CVar [[gc.CreateGCClusters:1]]
[2019.10.17-02.59.31:851][  0]LogConfig: Setting CVar [[gc.MinGCClusterSize:5]]
[2019.10.17-02.59.31:851][  0]LogConfig: Setting CVar [[gc.ActorClusteringEnabled:0]]
[2019.10.17-02.59.31:851][  0]LogConfig: Setting CVar [[gc.BlueprintClusteringEnabled:0]]
[2019.10.17-02.59.31:851][  0]LogConfig: Setting CVar [[gc.UseDisregardForGCOnDedicatedServers:0]]
[2019.10.17-02.59.31:851][  0]LogConfig: Applying CVar settings from Section [/Script/Engine.NetworkSettings] File [F:/UnrealProj/RenderLearn423/Saved/Config/Windows/Engine.ini]
[2019.10.17-02.59.31:851][  0]LogConfig: Applying CVar settings from Section [/Script/UnrealEd.CookerSettings] File [F:/UnrealProj/RenderLearn423/Saved/Config/Windows/Engine.ini]
[2019.10.17-02.59.31:858][  0]LogConfig: Applying CVar settings from Section [ViewDistanceQuality@3] File [F:/UnrealProj/RenderLearn423/Saved/Config/Windows/Scalability.ini]
[2019.10.17-02.59.31:858][  0]LogConfig: Setting CVar [[r.SkeletalMeshLODBias:0]]
[2019.10.17-02.59.31:858][  0]LogConfig: Setting CVar [[r.ViewDistanceScale:1.0]]
[2019.10.17-02.59.31:858][  0]LogConfig: Applying CVar settings from Section [AntiAliasingQuality@3] File [F:/UnrealProj/RenderLearn423/Saved/Config/Windows/Scalability.ini]
[2019.10.17-02.59.31:858][  0]LogConfig: Setting CVar [[r.PostProcessAAQuality:4]]
[2019.10.17-02.59.31:858][  0]LogConfig: Applying CVar settings from Section [ShadowQuality@3] File [F:/UnrealProj/RenderLearn423/Saved/Config/Windows/Scalability.ini]
[2019.10.17-02.59.31:858][  0]LogConfig: Setting CVar [[r.LightFunctionQuality:1]]
[2019.10.17-02.59.31:858][  0]LogConfig: Setting CVar [[r.ShadowQuality:5]]
[2019.10.17-02.59.31:858][  0]LogConfig: Setting CVar [[r.Shadow.CSM.MaxCascades:10]]
[2019.10.17-02.59.31:858][  0]LogConfig: Setting CVar [[r.Shadow.MaxResolution:2048]]
[2019.10.17-02.59.31:858][  0]LogConfig: Setting CVar [[r.Shadow.MaxCSMResolution:2048]]
[2019.10.17-02.59.31:858][  0]LogConfig: Setting CVar [[r.Shadow.RadiusThreshold:0.01]]
[2019.10.17-02.59.31:858][  0]LogConfig: Setting CVar [[r.Shadow.DistanceScale:1.0]]
[2019.10.17-02.59.31:859][  0]LogConfig: Setting CVar [[r.Shadow.CSM.TransitionScale:1.0]]
[2019.10.17-02.59.31:859][  0]LogConfig: Setting CVar [[r.Shadow.PreShadowResolutionFactor:1.0]]
[2019.10.17-02.59.31:859][  0]LogConfig: Setting CVar [[r.DistanceFieldShadowing:1]]
[2019.10.17-02.59.31:859][  0]LogConfig: Setting CVar [[r.DistanceFieldAO:1]]
[2019.10.17-02.59.31:859][  0]LogConfig: Setting CVar [[r.AOQuality:2]]
[2019.10.17-02.59.31:859][  0]LogConfig: Setting CVar [[r.VolumetricFog:1]]
[2019.10.17-02.59.31:859][  0]LogConfig: Setting CVar [[r.VolumetricFog.GridPixelSize:8]]
[2019.10.17-02.59.31:859][  0]LogConfig: Setting CVar [[r.VolumetricFog.GridSizeZ:128]]
[2019.10.17-02.59.31:859][  0]LogConfig: Setting CVar [[r.VolumetricFog.HistoryMissSupersampleCount:4]]
[2019.10.17-02.59.31:859][  0]LogConfig: Setting CVar [[r.LightMaxDrawDistanceScale:1]]
[2019.10.17-02.59.31:859][  0]LogConfig: Setting CVar [[r.CapsuleShadows:1]]
[2019.10.17-02.59.31:859][  0]LogConfig: Applying CVar settings from Section [PostProcessQuality@3] File [F:/UnrealProj/RenderLearn423/Saved/Config/Windows/Scalability.ini]
[2019.10.17-02.59.31:859][  0]LogConfig: Setting CVar [[r.MotionBlurQuality:4]]
[2019.10.17-02.59.31:859][  0]LogConfig: Setting CVar [[r.AmbientOcclusionMipLevelFactor:0.4]]
[2019.10.17-02.59.31:859][  0]LogConfig: Setting CVar [[r.AmbientOcclusionMaxQuality:100]]
[2019.10.17-02.59.31:859][  0]LogConfig: Setting CVar [[r.AmbientOcclusionLevels:-1]]
[2019.10.17-02.59.31:859][  0]LogConfig: Setting CVar [[r.AmbientOcclusionRadiusScale:1.0]]
[2019.10.17-02.59.31:859][  0]LogConfig: Setting CVar [[r.DepthOfFieldQuality:2]]
[2019.10.17-02.59.31:859][  0]LogConfig: Setting CVar [[r.RenderTargetPoolMin:400]]
[2019.10.17-02.59.31:859][  0]LogConfig: Setting CVar [[r.LensFlareQuality:2]]
[2019.10.17-02.59.31:859][  0]LogConfig: Setting CVar [[r.SceneColorFringeQuality:1]]
[2019.10.17-02.59.31:860][  0]LogConfig: Setting CVar [[r.EyeAdaptationQuality:2]]
[2019.10.17-02.59.31:860][  0]LogConfig: Setting CVar [[r.BloomQuality:5]]
[2019.10.17-02.59.31:860][  0]LogConfig: Setting CVar [[r.FastBlurThreshold:100]]
[2019.10.17-02.59.31:860][  0]LogConfig: Setting CVar [[r.Upscale.Quality:3]]
[2019.10.17-02.59.31:860][  0]LogConfig: Setting CVar [[r.Tonemapper.GrainQuantization:1]]
[2019.10.17-02.59.31:860][  0]LogConfig: Setting CVar [[r.LightShaftQuality:1]]
[2019.10.17-02.59.31:860][  0]LogConfig: Setting CVar [[r.Filter.SizeScale:1]]
[2019.10.17-02.59.31:860][  0]LogConfig: Setting CVar [[r.Tonemapper.Quality:5]]
[2019.10.17-02.59.31:860][  0]LogConfig: Setting CVar [[r.DOF.Gather.AccumulatorQuality:1        ; higher gathering accumulator quality]]
[2019.10.17-02.59.31:860][  0]LogConfig: Setting CVar [[r.DOF.Gather.PostfilterMethod:1          ; Median3x3 postfilering method]]
[2019.10.17-02.59.31:860][  0]LogConfig: Setting CVar [[r.DOF.Gather.EnableBokehSettings:0       ; no bokeh simulation when gathering]]
[2019.10.17-02.59.31:860][  0]LogConfig: Setting CVar [[r.DOF.Gather.RingCount:4                 ; medium number of samples when gathering]]
[2019.10.17-02.59.31:860][  0]LogConfig: Setting CVar [[r.DOF.Scatter.ForegroundCompositing:1    ; additive foreground scattering]]
[2019.10.17-02.59.31:860][  0]LogConfig: Setting CVar [[r.DOF.Scatter.BackgroundCompositing:2    ; additive background scattering]]
[2019.10.17-02.59.31:860][  0]LogConfig: Setting CVar [[r.DOF.Scatter.EnableBokehSettings:1      ; bokeh simulation when scattering]]
[2019.10.17-02.59.31:860][  0]LogConfig: Setting CVar [[r.DOF.Scatter.MaxSpriteRatio:0.1         ; only a maximum of 10% of scattered bokeh]]
[2019.10.17-02.59.31:860][  0]LogConfig: Setting CVar [[r.DOF.Recombine.Quality:1                ; cheap slight out of focus]]
[2019.10.17-02.59.31:860][  0]LogConfig: Setting CVar [[r.DOF.Recombine.EnableBokehSettings:0    ; no bokeh simulation on slight out of focus]]
[2019.10.17-02.59.31:860][  0]LogConfig: Setting CVar [[r.DOF.TemporalAAQuality:1                ; more stable temporal accumulation]]
[2019.10.17-02.59.31:860][  0]LogConfig: Setting CVar [[r.DOF.Kernel.MaxForegroundRadius:0.025]]
[2019.10.17-02.59.31:860][  0]LogConfig: Setting CVar [[r.DOF.Kernel.MaxBackgroundRadius:0.025]]
[2019.10.17-02.59.31:861][  0]LogConfig: Applying CVar settings from Section [TextureQuality@3] File [F:/UnrealProj/RenderLearn423/Saved/Config/Windows/Scalability.ini]
[2019.10.17-02.59.31:861][  0]LogConfig: Setting CVar [[r.Streaming.MipBias:0]]
[2019.10.17-02.59.31:861][  0]LogConfig: Setting CVar [[r.Streaming.AmortizeCPUToGPUCopy:0]]
[2019.10.17-02.59.31:861][  0]LogConfig: Setting CVar [[r.Streaming.MaxNumTexturesToStreamPerFrame:0]]
[2019.10.17-02.59.31:861][  0]LogConfig: Setting CVar [[r.Streaming.Boost:1]]
[2019.10.17-02.59.31:861][  0]LogConfig: Setting CVar [[r.MaxAnisotropy:8]]
[2019.10.17-02.59.31:861][  0]LogConfig: Setting CVar [[r.Streaming.LimitPoolSizeToVRAM:0]]
[2019.10.17-02.59.31:861][  0]LogConfig: Setting CVar [[r.Streaming.PoolSize:1000]]
[2019.10.17-02.59.31:861][  0]LogConfig: Setting CVar [[r.Streaming.MaxEffectiveScreenSize:0]]
[2019.10.17-02.59.31:861][  0]LogConfig: Applying CVar settings from Section [EffectsQuality@3] File [F:/UnrealProj/RenderLearn423/Saved/Config/Windows/Scalability.ini]
[2019.10.17-02.59.31:861][  0]LogConfig: Setting CVar [[r.TranslucencyLightingVolumeDim:64]]
[2019.10.17-02.59.31:861][  0]LogConfig: Setting CVar [[r.RefractionQuality:2]]
[2019.10.17-02.59.31:861][  0]LogConfig: Setting CVar [[r.SSR.Quality:3]]
[2019.10.17-02.59.31:861][  0]LogConfig: Setting CVar [[r.SceneColorFormat:4]]
[2019.10.17-02.59.31:861][  0]LogConfig: Setting CVar [[r.DetailMode:2]]
[2019.10.17-02.59.31:861][  0]LogConfig: Setting CVar [[r.TranslucencyVolumeBlur:1]]
[2019.10.17-02.59.31:861][  0]LogConfig: Setting CVar [[r.MaterialQualityLevel:1 ; High quality]]
[2019.10.17-02.59.31:861][  0]LogConfig: Setting CVar [[r.SSS.Scale:1]]
[2019.10.17-02.59.31:861][  0]LogConfig: Setting CVar [[r.SSS.SampleSet:2]]
[2019.10.17-02.59.31:861][  0]LogConfig: Setting CVar [[r.SSS.Quality:1]]
[2019.10.17-02.59.31:861][  0]LogConfig: Setting CVar [[r.SSS.HalfRes:1]]
[2019.10.17-02.59.31:861][  0]LogConfig: Setting CVar [[r.EmitterSpawnRateScale:1.0]]
[2019.10.17-02.59.31:862][  0]LogConfig: Setting CVar [[r.ParticleLightQuality:2]]
[2019.10.17-02.59.31:862][  0]LogConfig: Applying CVar settings from Section [FoliageQuality@3] File [F:/UnrealProj/RenderLearn423/Saved/Config/Windows/Scalability.ini]
[2019.10.17-02.59.31:862][  0]LogConfig: Setting CVar [[foliage.DensityScale:1.0]]
[2019.10.17-02.59.31:862][  0]LogConfig: Setting CVar [[grass.DensityScale:1.0]]
[2019.10.17-02.59.31:862][  0]LogInit: Selected Device Profile: [Windows]
[2019.10.17-02.59.31:862][  0]LogInit: Applying CVar settings loaded from the selected device profile: [Windows]
[2019.10.17-02.59.31:864][  0]LogHAL: Display: Platform has ~ 32 GB [34317529088 / 34359738368 / 32], which maps to Largest [LargestMinGB=32, LargerMinGB=12, DefaultMinGB=8, SmallerMinGB=6, SmallestMinGB=0)
[2019.10.17-02.59.31:865][  0]LogInit: Going up to parent DeviceProfile []
[2019.10.17-02.59.31:865][  0]LogConfig: Applying CVar settings from Section [ViewDistanceQuality@3] File [F:/UnrealProj/RenderLearn423/Saved/Config/Windows/Scalability.ini]
[2019.10.17-02.59.31:865][  0]LogConfig: Setting CVar [[r.SkeletalMeshLODBias:0]]
[2019.10.17-02.59.31:865][  0]LogConfig: Setting CVar [[r.ViewDistanceScale:1.0]]
[2019.10.17-02.59.31:865][  0]LogConfig: Applying CVar settings from Section [AntiAliasingQuality@3] File [F:/UnrealProj/RenderLearn423/Saved/Config/Windows/Scalability.ini]
[2019.10.17-02.59.31:865][  0]LogConfig: Setting CVar [[r.PostProcessAAQuality:4]]
[2019.10.17-02.59.31:865][  0]LogConfig: Applying CVar settings from Section [ShadowQuality@3] File [F:/UnrealProj/RenderLearn423/Saved/Config/Windows/Scalability.ini]
[2019.10.17-02.59.31:865][  0]LogConfig: Setting CVar [[r.LightFunctionQuality:1]]
[2019.10.17-02.59.31:865][  0]LogConfig: Setting CVar [[r.ShadowQuality:5]]
[2019.10.17-02.59.31:865][  0]LogConfig: Setting CVar [[r.Shadow.CSM.MaxCascades:10]]
[2019.10.17-02.59.31:865][  0]LogConfig: Setting CVar [[r.Shadow.MaxResolution:2048]]
[2019.10.17-02.59.31:865][  0]LogConfig: Setting CVar [[r.Shadow.MaxCSMResolution:2048]]
[2019.10.17-02.59.31:865][  0]LogConfig: Setting CVar [[r.Shadow.RadiusThreshold:0.01]]
[2019.10.17-02.59.31:865][  0]LogConfig: Setting CVar [[r.Shadow.DistanceScale:1.0]]
[2019.10.17-02.59.31:865][  0]LogConfig: Setting CVar [[r.Shadow.CSM.TransitionScale:1.0]]
[2019.10.17-02.59.31:865][  0]LogConfig: Setting CVar [[r.Shadow.PreShadowResolutionFactor:1.0]]
[2019.10.17-02.59.31:866][  0]LogConfig: Setting CVar [[r.DistanceFieldShadowing:1]]
[2019.10.17-02.59.31:866][  0]LogConfig: Setting CVar [[r.DistanceFieldAO:1]]
[2019.10.17-02.59.31:866][  0]LogConfig: Setting CVar [[r.AOQuality:2]]
[2019.10.17-02.59.31:866][  0]LogConfig: Setting CVar [[r.VolumetricFog:1]]
[2019.10.17-02.59.31:866][  0]LogConfig: Setting CVar [[r.VolumetricFog.GridPixelSize:8]]
[2019.10.17-02.59.31:866][  0]LogConfig: Setting CVar [[r.VolumetricFog.GridSizeZ:128]]
[2019.10.17-02.59.31:866][  0]LogConfig: Setting CVar [[r.VolumetricFog.HistoryMissSupersampleCount:4]]
[2019.10.17-02.59.31:866][  0]LogConfig: Setting CVar [[r.LightMaxDrawDistanceScale:1]]
[2019.10.17-02.59.31:866][  0]LogConfig: Setting CVar [[r.CapsuleShadows:1]]
[2019.10.17-02.59.31:866][  0]LogConfig: Applying CVar settings from Section [PostProcessQuality@3] File [F:/UnrealProj/RenderLearn423/Saved/Config/Windows/Scalability.ini]
[2019.10.17-02.59.31:866][  0]LogConfig: Setting CVar [[r.MotionBlurQuality:4]]
[2019.10.17-02.59.31:866][  0]LogConfig: Setting CVar [[r.AmbientOcclusionMipLevelFactor:0.4]]
[2019.10.17-02.59.31:866][  0]LogConfig: Setting CVar [[r.AmbientOcclusionMaxQuality:100]]
[2019.10.17-02.59.31:866][  0]LogConfig: Setting CVar [[r.AmbientOcclusionLevels:-1]]
[2019.10.17-02.59.31:866][  0]LogConfig: Setting CVar [[r.AmbientOcclusionRadiusScale:1.0]]
[2019.10.17-02.59.31:866][  0]LogConfig: Setting CVar [[r.DepthOfFieldQuality:2]]
[2019.10.17-02.59.31:866][  0]LogConfig: Setting CVar [[r.RenderTargetPoolMin:400]]
[2019.10.17-02.59.31:867][  0]LogConfig: Setting CVar [[r.LensFlareQuality:2]]
[2019.10.17-02.59.31:867][  0]LogConfig: Setting CVar [[r.SceneColorFringeQuality:1]]
[2019.10.17-02.59.31:867][  0]LogConfig: Setting CVar [[r.EyeAdaptationQuality:2]]
[2019.10.17-02.59.31:867][  0]LogConfig: Setting CVar [[r.BloomQuality:5]]
[2019.10.17-02.59.31:867][  0]LogConfig: Setting CVar [[r.FastBlurThreshold:100]]
[2019.10.17-02.59.31:867][  0]LogConfig: Setting CVar [[r.Upscale.Quality:3]]
[2019.10.17-02.59.31:867][  0]LogConfig: Setting CVar [[r.Tonemapper.GrainQuantization:1]]
[2019.10.17-02.59.31:867][  0]LogConfig: Setting CVar [[r.LightShaftQuality:1]]
[2019.10.17-02.59.31:867][  0]LogConfig: Setting CVar [[r.Filter.SizeScale:1]]
[2019.10.17-02.59.31:867][  0]LogConfig: Setting CVar [[r.Tonemapper.Quality:5]]
[2019.10.17-02.59.31:867][  0]LogConfig: Setting CVar [[r.DOF.Gather.AccumulatorQuality:1        ; higher gathering accumulator quality]]
[2019.10.17-02.59.31:867][  0]LogConfig: Setting CVar [[r.DOF.Gather.PostfilterMethod:1          ; Median3x3 postfilering method]]
[2019.10.17-02.59.31:867][  0]LogConfig: Setting CVar [[r.DOF.Gather.EnableBokehSettings:0       ; no bokeh simulation when gathering]]
[2019.10.17-02.59.31:867][  0]LogConfig: Setting CVar [[r.DOF.Gather.RingCount:4                 ; medium number of samples when gathering]]
[2019.10.17-02.59.31:867][  0]LogConfig: Setting CVar [[r.DOF.Scatter.ForegroundCompositing:1    ; additive foreground scattering]]
[2019.10.17-02.59.31:867][  0]LogConfig: Setting CVar [[r.DOF.Scatter.BackgroundCompositing:2    ; additive background scattering]]
[2019.10.17-02.59.31:867][  0]LogConfig: Setting CVar [[r.DOF.Scatter.EnableBokehSettings:1      ; bokeh simulation when scattering]]
[2019.10.17-02.59.31:867][  0]LogConfig: Setting CVar [[r.DOF.Scatter.MaxSpriteRatio:0.1         ; only a maximum of 10% of scattered bokeh]]
[2019.10.17-02.59.31:867][  0]LogConfig: Setting CVar [[r.DOF.Recombine.Quality:1                ; cheap slight out of focus]]
[2019.10.17-02.59.31:867][  0]LogConfig: Setting CVar [[r.DOF.Recombine.EnableBokehSettings:0    ; no bokeh simulation on slight out of focus]]
[2019.10.17-02.59.31:867][  0]LogConfig: Setting CVar [[r.DOF.TemporalAAQuality:1                ; more stable temporal accumulation]]
[2019.10.17-02.59.31:867][  0]LogConfig: Setting CVar [[r.DOF.Kernel.MaxForegroundRadius:0.025]]
[2019.10.17-02.59.31:867][  0]LogConfig: Setting CVar [[r.DOF.Kernel.MaxBackgroundRadius:0.025]]
[2019.10.17-02.59.31:868][  0]LogConfig: Applying CVar settings from Section [TextureQuality@3] File [F:/UnrealProj/RenderLearn423/Saved/Config/Windows/Scalability.ini]
[2019.10.17-02.59.31:868][  0]LogConfig: Setting CVar [[r.Streaming.MipBias:0]]
[2019.10.17-02.59.31:868][  0]LogConfig: Setting CVar [[r.Streaming.AmortizeCPUToGPUCopy:0]]
[2019.10.17-02.59.31:868][  0]LogConfig: Setting CVar [[r.Streaming.MaxNumTexturesToStreamPerFrame:0]]
[2019.10.17-02.59.31:868][  0]LogConfig: Setting CVar [[r.Streaming.Boost:1]]
[2019.10.17-02.59.31:868][  0]LogConfig: Setting CVar [[r.MaxAnisotropy:8]]
[2019.10.17-02.59.31:868][  0]LogConfig: Setting CVar [[r.Streaming.LimitPoolSizeToVRAM:0]]
[2019.10.17-02.59.31:868][  0]LogConfig: Setting CVar [[r.Streaming.PoolSize:1000]]
[2019.10.17-02.59.31:868][  0]LogConfig: Setting CVar [[r.Streaming.MaxEffectiveScreenSize:0]]
[2019.10.17-02.59.31:868][  0]LogConfig: Applying CVar settings from Section [EffectsQuality@3] File [F:/UnrealProj/RenderLearn423/Saved/Config/Windows/Scalability.ini]
[2019.10.17-02.59.31:868][  0]LogConfig: Setting CVar [[r.TranslucencyLightingVolumeDim:64]]
[2019.10.17-02.59.31:868][  0]LogConfig: Setting CVar [[r.RefractionQuality:2]]
[2019.10.17-02.59.31:868][  0]LogConfig: Setting CVar [[r.SSR.Quality:3]]
[2019.10.17-02.59.31:868][  0]LogConfig: Setting CVar [[r.SceneColorFormat:4]]
[2019.10.17-02.59.31:868][  0]LogConfig: Setting CVar [[r.DetailMode:2]]
[2019.10.17-02.59.31:868][  0]LogConfig: Setting CVar [[r.TranslucencyVolumeBlur:1]]
[2019.10.17-02.59.31:868][  0]LogConfig: Setting CVar [[r.MaterialQualityLevel:1 ; High quality]]
[2019.10.17-02.59.31:868][  0]LogConfig: Setting CVar [[r.SSS.Scale:1]]
[2019.10.17-02.59.31:869][  0]LogConfig: Setting CVar [[r.SSS.SampleSet:2]]
[2019.10.17-02.59.31:869][  0]LogConfig: Setting CVar [[r.SSS.Quality:1]]
[2019.10.17-02.59.31:869][  0]LogConfig: Setting CVar [[r.SSS.HalfRes:1]]
[2019.10.17-02.59.31:869][  0]LogConfig: Setting CVar [[r.EmitterSpawnRateScale:1.0]]
[2019.10.17-02.59.31:869][  0]LogConfig: Setting CVar [[r.ParticleLightQuality:2]]
[2019.10.17-02.59.31:869][  0]LogConfig: Applying CVar settings from Section [FoliageQuality@3] File [F:/UnrealProj/RenderLearn423/Saved/Config/Windows/Scalability.ini]
[2019.10.17-02.59.31:869][  0]LogConfig: Setting CVar [[foliage.DensityScale:1.0]]
[2019.10.17-02.59.31:869][  0]LogConfig: Setting CVar [[grass.DensityScale:1.0]]
[2019.10.17-02.59.31:869][  0]LogConfig: Applying CVar settings from Section [Startup] File [../../../Engine/Config/ConsoleVariables.ini]
[2019.10.17-02.59.31:869][  0]LogConfig: Setting CVar [[r.Shaders.Optimize:0]]
[2019.10.17-02.59.31:869][  0]LogConfig: Setting CVar [[r.Shaders.KeepDebugInfo:1]]
[2019.10.17-02.59.31:869][  0]LogConfig: Setting CVar [[net.UseAdaptiveNetUpdateFrequency:0]]
[2019.10.17-02.59.31:869][  0]LogConfig: Setting CVar [[p.chaos.AllowCreatePhysxBodies:1]]
[2019.10.17-02.59.31:869][  0]LogConfig: Applying CVar settings from Section [ConsoleVariables] File [F:/UnrealProj/RenderLearn423/Saved/Config/Windows/Engine.ini]
[2019.10.17-02.59.31:870][  0]LogInit: Computer: WUD-F-P1
[2019.10.17-02.59.31:870][  0]LogInit: User: WuDf
[2019.10.17-02.59.31:870][  0]LogInit: CPU Page size=4096, Cores=4
[2019.10.17-02.59.31:870][  0]LogInit: High frequency timer resolution =3.515630 MHz
[2019.10.17-02.59.31:870][  0]LogMemory: Memory total: Physical=32.0GB (32GB approx)
[2019.10.17-02.59.31:870][  0]LogMemory: Platform Memory Stats for Windows
[2019.10.17-02.59.31:870][  0]LogMemory: Process Physical Memory: 102.71 MB used, 102.71 MB peak
[2019.10.17-02.59.31:870][  0]LogMemory: Process Virtual Memory: 191.30 MB used, 191.30 MB peak
[2019.10.17-02.59.31:870][  0]LogMemory: Physical Memory: 11849.61 MB used,  20878.13 MB free, 32727.75 MB total
[2019.10.17-02.59.31:870][  0]LogMemory: Virtual Memory: 4796.62 MB used,  134212928.00 MB free, 134217728.00 MB total
[2019.10.17-02.59.31:884][  0]LogWindows: WindowsPlatformFeatures enabled
[2019.10.17-02.59.32:051][  0]LogInit: Using OS detected language (zh-CN).
[2019.10.17-02.59.32:052][  0]LogInit: Using OS detected locale (zh-CN).
[2019.10.17-02.59.32:053][  0]LogTextLocalizationManager: No specific localization for 'zh-CN' exists, so the 'zh-Hans' localization will be used.
[2019.10.17-02.59.32:096][  0]LogTextLocalizationResource: LocRes '../../../Engine/Content/Localization/Editor/zh/Editor.locres' could not be opened for reading!
[2019.10.17-02.59.32:096][  0]LogTextLocalizationResource: LocRes '../../../Engine/Content/Localization/EditorTutorials/zh/EditorTutorials.locres' could not be opened for reading!
[2019.10.17-02.59.32:097][  0]LogTextLocalizationResource: LocRes '../../../Engine/Content/Localization/Keywords/zh/Keywords.locres' could not be opened for reading!
[2019.10.17-02.59.32:097][  0]LogTextLocalizationResource: LocRes '../../../Engine/Content/Localization/Category/zh/Category.locres' could not be opened for reading!
[2019.10.17-02.59.32:097][  0]LogTextLocalizationResource: LocRes '../../../Engine/Content/Localization/ToolTips/zh/ToolTips.locres' could not be opened for reading!
[2019.10.17-02.59.32:098][  0]LogTextLocalizationResource: LocRes '../../../Engine/Content/Localization/PropertyNames/zh/PropertyNames.locres' could not be opened for reading!
[2019.10.17-02.59.32:098][  0]LogTextLocalizationResource: LocRes '../../../Engine/Content/Localization/Engine/zh/Engine.locres' could not be opened for reading!
[2019.10.17-02.59.32:098][  0]LogTextLocalizationResource: LocRes '../../../Engine/Plugins/Online/Android/OnlineSubsystemGooglePlay/Content/Localization/OnlineSubsystemGooglePlay/zh/OnlineSubsystemGooglePlay.locres' could not be opened for reading!
[2019.10.17-02.59.32:098][  0]LogTextLocalizationResource: LocRes '../../../Engine/Plugins/Online/IOS/OnlineSubsystemIOS/Content/Localization/OnlineSubsystemIOS/zh/OnlineSubsystemIOS.locres' could not be opened for reading!
[2019.10.17-02.59.32:099][  0]LogTextLocalizationResource: LocRes '../../../Engine/Plugins/Online/OnlineSubsystem/Content/Localization/OnlineSubsystem/zh/OnlineSubsystem.locres' could not be opened for reading!
[2019.10.17-02.59.32:099][  0]LogTextLocalizationResource: LocRes '../../../Engine/Plugins/Online/OnlineSubsystemUtils/Content/Localization/OnlineSubsystemUtils/zh/OnlineSubsystemUtils.locres' could not be opened for reading!
[2019.10.17-02.59.32:121][  0]LogInit: Setting process to per monitor DPI aware
[2019.10.17-02.59.32:214][  0]LogSlate: New Slate User Created.  User Index 0, Is Virtual User: 0
[2019.10.17-02.59.32:214][  0]LogSlate: Slate User Registered.  User Index 0, Is Virtual User: 0
[2019.10.17-02.59.32:425][  0]LogHMD: Failed to initialize OpenVR with code 110
[2019.10.17-02.59.32:425][  0]LogD3D11RHI: D3D11 adapters:
[2019.10.17-02.59.32:570][  0]LogD3D11RHI:    0. 'NVIDIA GeForce GTX 1050' (Feature Level 11_0)
[2019.10.17-02.59.32:570][  0]LogD3D11RHI:       1977/0/16363 MB DedicatedVideo/DedicatedSystem/SharedSystem, Outputs:1, VendorId:0x10de
[2019.10.17-02.59.32:590][  0]LogD3D11RHI:    1. 'Microsoft Basic Render Driver' (Feature Level 11_0)
[2019.10.17-02.59.32:590][  0]LogD3D11RHI:       0/0/16363 MB DedicatedVideo/DedicatedSystem/SharedSystem, Outputs:0, VendorId:0x1414
[2019.10.17-02.59.32:590][  0]LogD3D11RHI: Chosen D3D11 Adapter: 0
[2019.10.17-02.59.32:598][  0]LogD3D11RHI: Creating new Direct3DDevice
[2019.10.17-02.59.32:598][  0]LogD3D11RHI:     GPU DeviceId: 0x1c81 (for the marketing name, search the web for "GPU Device Id")
[2019.10.17-02.59.32:598][  0]LogWindows: EnumDisplayDevices:
[2019.10.17-02.59.32:598][  0]LogWindows:    0. 'NVIDIA GeForce GTX 1050' (P:1 D:1)
[2019.10.17-02.59.32:599][  0]LogWindows:    1. 'NVIDIA GeForce GTX 1050' (P:0 D:0)
[2019.10.17-02.59.32:600][  0]LogWindows:    2. 'NVIDIA GeForce GTX 1050' (P:0 D:0)
[2019.10.17-02.59.32:601][  0]LogWindows:    3. 'NVIDIA GeForce GTX 1050' (P:0 D:0)
[2019.10.17-02.59.32:602][  0]LogWindows:    4. 'NVIDIA GeForce GTX 1050' (P:0 D:0)
[2019.10.17-02.59.32:603][  0]LogWindows:    5. 'NVIDIA GeForce GTX 1050' (P:0 D:0)
[2019.10.17-02.59.32:605][  0]LogWindows:    6. 'NVIDIA GeForce GTX 1050' (P:0 D:0)
[2019.10.17-02.59.32:605][  0]LogWindows:    7. 'NVIDIA GeForce GTX 1050' (P:0 D:0)
[2019.10.17-02.59.32:606][  0]LogWindows:    8. 'NVIDIA GeForce GTX 1050' (P:0 D:0)
[2019.10.17-02.59.32:607][  0]LogWindows:    9. 'NVIDIA GeForce GTX 1050' (P:0 D:0)
[2019.10.17-02.59.32:608][  0]LogWindows: DebugString: FoundDriverCount:10 
[2019.10.17-02.59.32:608][  0]LogD3D11RHI:     Adapter Name: NVIDIA GeForce GTX 1050
[2019.10.17-02.59.32:608][  0]LogD3D11RHI:   Driver Version: 391.35 (internal:23.21.13.9135, unified:391.35)
[2019.10.17-02.59.32:608][  0]LogD3D11RHI:      Driver Date: 3-23-2018
[2019.10.17-02.59.32:609][  0]LogRHI: Texture pool is 1384 MB (70% of 1977 MB)
[2019.10.17-02.59.32:676][  0]LogRHI: Display: Setting GPU Capture Options: 1
[2019.10.17-02.59.32:676][  0]LogRHI: Display: Toggling draw events: 1
[2019.10.17-02.59.32:677][  0]LogRHI: Display: Toggling showmaterialdrawevents: 1
[2019.10.17-02.59.32:677][  0]LogRHI: Display: Toggling rhi bypass: 1
[2019.10.17-02.59.32:677][  0]LogD3D11RHI: Async texture creation enabled
[2019.10.17-02.59.32:702][  0]LogD3D11RHI: GPU Timing Frequency: 1000.000000 (Debug: 2 2)
[2019.10.17-02.59.32:703][  0]LogD3D11RHI: Failed to enumerate display ID for NVAPI (\\.\DISPLAY1) (?G??G) unable to
[2019.10.17-02.59.33:040][  0]LogTemp: Display: Module 'AllDesktopTargetPlatform' loaded TargetPlatform 'AllDesktop'
[2019.10.17-02.59.33:061][  0]LogTemp: Display: Module 'MacClientTargetPlatform' loaded TargetPlatform 'MacClient'
[2019.10.17-02.59.33:081][  0]LogTemp: Display: Module 'MacNoEditorTargetPlatform' loaded TargetPlatform 'MacNoEditor'
[2019.10.17-02.59.33:100][  0]LogTemp: Display: Module 'MacServerTargetPlatform' loaded TargetPlatform 'MacServer'
[2019.10.17-02.59.33:123][  0]LogTemp: Display: Module 'MacTargetPlatform' loaded TargetPlatform 'Mac'
[2019.10.17-02.59.33:143][  0]LogTemp: Display: Module 'WindowsClientTargetPlatform' loaded TargetPlatform 'WindowsClient'
[2019.10.17-02.59.33:163][  0]LogTemp: Display: Module 'WindowsNoEditorTargetPlatform' loaded TargetPlatform 'WindowsNoEditor'
[2019.10.17-02.59.33:185][  0]LogTemp: Display: Module 'WindowsServerTargetPlatform' loaded TargetPlatform 'WindowsServer'
[2019.10.17-02.59.33:203][  0]LogTemp: Display: Module 'WindowsTargetPlatform' loaded TargetPlatform 'Windows'
[2019.10.17-02.59.33:243][  0]LogTemp: Display: Module 'AndroidTargetPlatform' loaded TargetPlatform 'Android'
[2019.10.17-02.59.33:244][  0]LogTemp: Display: Module 'AndroidTargetPlatform' loaded TargetPlatform 'Android_ASTC'
[2019.10.17-02.59.33:244][  0]LogTemp: Display: Module 'AndroidTargetPlatform' loaded TargetPlatform 'Android_ATC'
[2019.10.17-02.59.33:244][  0]LogTemp: Display: Module 'AndroidTargetPlatform' loaded TargetPlatform 'Android_DXT'
[2019.10.17-02.59.33:244][  0]LogTemp: Display: Module 'AndroidTargetPlatform' loaded TargetPlatform 'Android_ETC1'
[2019.10.17-02.59.33:244][  0]LogTemp: Display: Module 'AndroidTargetPlatform' loaded TargetPlatform 'Android_ETC1a'
[2019.10.17-02.59.33:244][  0]LogTemp: Display: Module 'AndroidTargetPlatform' loaded TargetPlatform 'Android_ETC2'
[2019.10.17-02.59.33:244][  0]LogTemp: Display: Module 'AndroidTargetPlatform' loaded TargetPlatform 'Android_PVRTC'
[2019.10.17-02.59.33:244][  0]LogTemp: Display: Module 'AndroidTargetPlatform' loaded TargetPlatform 'AndroidClient'
[2019.10.17-02.59.33:244][  0]LogTemp: Display: Module 'AndroidTargetPlatform' loaded TargetPlatform 'Android_ASTCClient'
[2019.10.17-02.59.33:244][  0]LogTemp: Display: Module 'AndroidTargetPlatform' loaded TargetPlatform 'Android_ATCClient'
[2019.10.17-02.59.33:244][  0]LogTemp: Display: Module 'AndroidTargetPlatform' loaded TargetPlatform 'Android_DXTClient'
[2019.10.17-02.59.33:245][  0]LogTemp: Display: Module 'AndroidTargetPlatform' loaded TargetPlatform 'Android_ETC1Client'
[2019.10.17-02.59.33:245][  0]LogTemp: Display: Module 'AndroidTargetPlatform' loaded TargetPlatform 'Android_ETC1aClient'
[2019.10.17-02.59.33:245][  0]LogTemp: Display: Module 'AndroidTargetPlatform' loaded TargetPlatform 'Android_ETC2Client'
[2019.10.17-02.59.33:245][  0]LogTemp: Display: Module 'AndroidTargetPlatform' loaded TargetPlatform 'Android_PVRTCClient'
[2019.10.17-02.59.33:245][  0]LogTemp: Display: Module 'AndroidTargetPlatform' loaded TargetPlatform 'Android_Multi'
[2019.10.17-02.59.33:245][  0]LogTemp: Display: Module 'AndroidTargetPlatform' loaded TargetPlatform 'Android_MultiClient'
[2019.10.17-02.59.33:262][  0]LogTemp: Display: Module 'HTML5TargetPlatform' loaded TargetPlatform 'HTML5'
[2019.10.17-02.59.33:316][  0]LogTemp: Display: Module 'IOSTargetPlatform' loaded TargetPlatform 'IOSClient'
[2019.10.17-02.59.33:316][  0]LogTemp: Display: Module 'IOSTargetPlatform' loaded TargetPlatform 'IOS'
[2019.10.17-02.59.33:342][  0]LogTemp: Display: Module 'TVOSTargetPlatform' loaded TargetPlatform 'TVOSClient'
[2019.10.17-02.59.33:342][  0]LogTemp: Display: Module 'TVOSTargetPlatform' loaded TargetPlatform 'TVOS'
[2019.10.17-02.59.33:376][  0]LogTemp: Display: Module 'LuminTargetPlatform' loaded TargetPlatform 'Lumin'
[2019.10.17-02.59.33:377][  0]LogTemp: Display: Module 'LuminTargetPlatform' loaded TargetPlatform 'LuminClient'
[2019.10.17-02.59.33:377][  0]LogTargetPlatformManager: Display: Building Assets For Windows
[2019.10.17-02.59.33:434][  0]LogAudioDebug: Display: Lib vorbis DLL was dynamically loaded.
[2019.10.17-02.59.33:647][  0]LogShaderCompilers: Guid format shader working directory is 10 characters bigger than the processId version (../../../../UnrealProj/RenderLearn423/Intermediate/Shaders/WorkingDirectory/584/).
[2019.10.17-02.59.33:647][  0]LogShaderCompilers: Cleaned the shader compiler working directory 'C:/Users/wud-f/AppData/Local/Temp/UnrealShaderWorkingDir/69AE7C58411A66C401ABB4BB289E9FBA/'.
[2019.10.17-02.59.33:651][  0]LogXGEController: Cleaning working directory: C:/Users/wud-f/AppData/Local/Temp/UnrealXGEWorkingDir/
[2019.10.17-02.59.33:652][  0]LogXGEController: Cannot use XGE Controller as Incredibuild is not installed on this machine.
[2019.10.17-02.59.33:652][  0]LogShaderCompilers: Cannot use XGE Shader Compiler as Incredibuild is not installed on this machine.
[2019.10.17-02.59.33:652][  0]LogShaderCompilers: Display: Using Local Shader Compiler.
[2019.10.17-02.59.34:215][  0]LogDerivedDataCache: Display: Max Cache Size: 512 MB
[2019.10.17-02.59.34:448][  0]LogDerivedDataCache: Loaded boot cache 0.23s 450MB ../../../../UnrealProj/RenderLearn423/DerivedDataCache/Boot.ddc.
[2019.10.17-02.59.34:448][  0]LogDerivedDataCache: Display: Loaded Boot cache: ../../../../UnrealProj/RenderLearn423/DerivedDataCache/Boot.ddc
[2019.10.17-02.59.34:448][  0]LogDerivedDataCache: FDerivedDataBackendGraph:  Pak pak cache file ../../../../UnrealProj/RenderLearn423/DerivedDataCache/DDC.ddp not found, will not use a pak cache.
[2019.10.17-02.59.34:448][  0]LogDerivedDataCache: Unable to find inner node Pak for hierarchical cache Hierarchy.
[2019.10.17-02.59.34:449][  0]LogDerivedDataCache: FDerivedDataBackendGraph:  EnginePak pak cache file ../../../Engine/DerivedDataCache/DDC.ddp not found, will not use a pak cache.
[2019.10.17-02.59.34:449][  0]LogDerivedDataCache: Unable to find inner node EnginePak for hierarchical cache Hierarchy.
[2019.10.17-02.59.34:452][  0]LogDerivedDataCache: Using Local data cache path ../../../Engine/DerivedDataCache: Writable
[2019.10.17-02.59.34:452][  0]LogDerivedDataCache: Shared data cache path not found in *engine.ini, will not use an Shared cache.
[2019.10.17-02.59.34:452][  0]LogDerivedDataCache: Unable to find inner node Shared for hierarchical cache Hierarchy.
[2019.10.17-02.59.34:536][  0]LogMaterial: Verifying Global Shaders for PCD3D_SM5
[2019.10.17-02.59.34:541][  0]LogSlate: Using FreeType 2.6.0
[2019.10.17-02.59.34:541][  0]LogSlate: SlateFontServices - WITH_FREETYPE: 1, WITH_HARFBUZZ: 1
[2019.10.17-02.59.34:635][  0]LogShaderCompilers: Display: Worker (1/5): shaders left to compile 3
[2019.10.17-02.59.34:636][  0]LogShaderCompilers: Display: Worker (2/5): shaders left to compile 2
[2019.10.17-02.59.34:636][  0]LogShaderCompilers: Display: Worker (3/5): shaders left to compile 1
[2019.10.17-02.59.34:636][  0]LogAssetRegistry: FAssetRegistry took 0.0161 seconds to start up
[2019.10.17-02.59.34:996][  0]LogInit: Selected Device Profile: [Windows]
[2019.10.17-02.59.35:241][  0]LogMeshReduction: Using QuadricMeshReduction for automatic static mesh reduction
[2019.10.17-02.59.35:242][  0]LogMeshReduction: Using SimplygonMeshReduction for automatic skeletal mesh reduction
[2019.10.17-02.59.35:242][  0]LogMeshReduction: Using ProxyLODMeshReduction for automatic mesh merging
[2019.10.17-02.59.35:242][  0]LogMeshReduction: No distributed automatic mesh merging module available
[2019.10.17-02.59.35:242][  0]LogMeshMerging: No distributed automatic mesh merging module available
[2019.10.17-02.59.35:537][  0]LogNetVersion: RenderLearn423 1.0.0, NetCL: 0, EngineNetVer: 11, GameNetVer: 0 (Checksum: 4023181944)
[2019.10.17-02.59.36:233][  0]LogPackageLocalizationCache: Processed 13 localized package path(s) for 2 prioritized culture(s) in 0.108584 seconds
[2019.10.17-02.59.36:240][  0]LogUObjectArray: 43464 objects as part of root set at end of initial load.
[2019.10.17-02.59.36:240][  0]LogUObjectAllocator: 7552072 out of 0 bytes used by permanent object pool.
[2019.10.17-02.59.36:240][  0]LogUObjectArray: CloseDisregardForGC: 0/0 objects in disregard for GC pool
[2019.10.17-02.59.38:241][  0]LogTcpMessaging: Initializing TcpMessaging bridge
[2019.10.17-02.59.38:259][  0]LogUdpMessaging: Initializing bridge on interface 0.0.0.0:0 to multicast group 230.0.0.1:6666.
[2019.10.17-02.59.38:620][  0]SourceControl: 源码管理已禁用
[2019.10.17-02.59.38:620][  0]SourceControl: 源码管理已禁用
[2019.10.17-02.59.38:639][  0]SourceControl: 源码管理已禁用
[2019.10.17-02.59.38:654][  0]SourceControl: 源码管理已禁用
[2019.10.17-02.59.39:583][  0]LogAndroidPermission: UAndroidPermissionCallbackProxy::GetInstance
[2019.10.17-02.59.40:344][  0]LogOcInput: OculusInput pre-init called
[2019.10.17-02.59.40:396][  0]LogWindows: Failed to load 'OVRPlugin.dll' (GetLastError=126)
[2019.10.17-02.59.40:397][  0]LogWindows: File 'OVRPlugin.dll' does not exist
[2019.10.17-02.59.40:576][  0]LogEngine: Initializing Engine...
[2019.10.17-02.59.40:578][  0]LogHMD: Failed to initialize OpenVR with code 110
[2019.10.17-02.59.40:579][  0]LogStats: UGameplayTagsManager::InitializeManager -  0.000 s
[2019.10.17-02.59.41:380][  0]LogDerivedDataCache: Display: Failed to cache data. Maximum cache size reached. CurrentSize 461793 kb / MaxSize: 524288 kb
[2019.10.17-02.59.41:532][  0]LogInit: Initializing FReadOnlyCVARCache
[2019.10.17-02.59.41:568][  0]LogAIModule: Creating AISystem for world Untitled
[2019.10.17-02.59.41:749][  0]LogInit: XAudio2 using '扬声器 (Realtek High Definition Audio)' : 2 channels at 48 kHz using 32 bits per sample (channel mask 0x3)
[2019.10.17-02.59.41:821][  0]LogInit: FAudioDevice initialized.
[2019.10.17-02.59.41:821][  0]LogNetVersion: Set ProjectVersion to 1.0.0.0. Version Checksum will be recalculated on next use.
[2019.10.17-02.59.43:370][  0]LogDerivedDataCache: Saved boot cache 1.55s 450MB ../../../../UnrealProj/RenderLearn423/DerivedDataCache/Boot.ddc.
[2019.10.17-02.59.43:402][  0]LogInit: Texture streaming: Enabled
[2019.10.17-02.59.43:481][  0]LogEngineSessionManager: EngineSessionManager initialized
[2019.10.17-02.59.43:550][  0]LogInit: Transaction tracking system initialized
[2019.10.17-02.59.43:691][  0]BlueprintLog: New page: 编辑器加载
[2019.10.17-02.59.44:064][  0]LocalizationService: 本地化服务已禁用
[2019.10.17-02.59.44:649][  0]LogFileCache: Scanning file cache for directory 'F:/UnrealProj/RenderLearn423/Content/' took 0.01s
[2019.10.17-02.59.44:649][  0]LogCook: Display: Max memory allowance for cook 16384mb min free memory 0mb
[2019.10.17-02.59.44:649][  0]LogCook: Display: Mobile HDR setting 1
[2019.10.17-02.59.45:563][  0]SourceControl: 源码管理已禁用
[2019.10.17-02.59.45:564][  0]Cmd: MAP LOAD FILE="../../../../UnrealProj/RenderLearn423/Content/StarterContent/Maps/Minimal_Default.umap" TEMPLATE=0 SHOWPROGRESS=1 FEATURELEVEL=3
[2019.10.17-02.59.45:564][  0]LightingResults: New page: 光照构建
[2019.10.17-02.59.45:567][  0]LogWorld: UWorld::CleanupWorld for Untitled, bSessionEnded=true, bCleanupResources=true
[2019.10.17-02.59.45:567][  0]MapCheck: New page: 地图检测
[2019.10.17-02.59.45:567][  0]LightingResults: New page: 光照构建
[2019.10.17-02.59.45:589][  0]LogUObjectHash: Compacting FUObjectHashTables data took   1.46ms
[2019.10.17-02.59.45:810][  0]LogAIModule: Creating AISystem for world Minimal_Default
[2019.10.17-02.59.45:990][  0]LogEditorServer: Finished looking for orphan Actors (0.000 secs)
[2019.10.17-02.59.46:070][  0]LogUObjectHash: Compacting FUObjectHashTables data took   2.01ms
[2019.10.17-02.59.46:070][  0]Cmd: MAP CHECKDEP NOCLEARLOG
[2019.10.17-02.59.46:070][  0]MapCheck: 地图检测完成：0个错误、0个警告、完成用时0.199毫秒。
[2019.10.17-02.59.46:070][  0]LogFileHelpers: Loading map 'Minimal_Default' took 0.507
[2019.10.17-02.59.46:209][  0]RenderDocPlugin: Attaching toolbar extension...
[2019.10.17-02.59.46:211][  0]LogSlate: Updating window title bar state: overlay mode, drag disabled, window buttons hidden, title bar hidden
[2019.10.17-02.59.46:217][  0]RenderDocPlugin: Attaching toolbar extension...
[2019.10.17-02.59.46:219][  0]LogSlate: Updating window title bar state: overlay mode, drag disabled, window buttons hidden, title bar hidden
[2019.10.17-02.59.46:225][  0]RenderDocPlugin: Attaching toolbar extension...
[2019.10.17-02.59.46:226][  0]LogSlate: Updating window title bar state: overlay mode, drag disabled, window buttons hidden, title bar hidden
[2019.10.17-02.59.46:231][  0]RenderDocPlugin: Attaching toolbar extension...
[2019.10.17-02.59.46:233][  0]LogSlate: Updating window title bar state: overlay mode, drag disabled, window buttons hidden, title bar hidden
[2019.10.17-02.59.46:258][  0]LogCollectionManager: Loaded 0 collections in 0.001983 seconds
[2019.10.17-02.59.46:270][  0]LogFileCache: Scanning file cache for directory 'F:/UnrealProj/RenderLearn423/Saved/Collections/' took 0.00s
[2019.10.17-02.59.46:270][  0]LogFileCache: Scanning file cache for directory 'F:/UnrealProj/RenderLearn423/Content/Developers/WuDf/Collections/' took 0.00s
[2019.10.17-02.59.46:270][  0]LogFileCache: Scanning file cache for directory 'F:/UnrealProj/RenderLearn423/Content/Collections/' took 0.00s
[2019.10.17-02.59.46:271][  0]LogCollectionManager: Rebuilt the GUID cache for 0 collections in 0.000002 seconds
[2019.10.17-02.59.46:278][  0]LogContentBrowser: Native class hierarchy populated in 0.0074 seconds. Added 2865 classes and 686 folders.
[2019.10.17-02.59.46:288][  0]LogContentBrowser: Native class hierarchy updated for 'WidgetCarousel' in 0.0003 seconds. Added 0 classes and 0 folders.
[2019.10.17-02.59.46:353][  0]LogContentBrowser: Native class hierarchy updated for 'AddContentDialog' in 0.0005 seconds. Added 0 classes and 0 folders.
[2019.10.17-02.59.46:392][  0]LogContentBrowser: Native class hierarchy updated for 'SceneOutliner' in 0.0004 seconds. Added 1 classes and 2 folders.
[2019.10.17-02.59.46:409][  0]LogSlate: Took 0.000244 seconds to synchronously load lazily loaded font '../../../Engine/Content/Slate/Fonts/Roboto-Regular.ttf' (155K)
[2019.10.17-02.59.46:412][  0]LogSlate: Took 0.001671 seconds to synchronously load lazily loaded font '../../../Engine/Content/Slate/Fonts/DroidSansFallback.ttf' (3848K)
[2019.10.17-02.59.46:413][  0]LogSlate: Took 0.000348 seconds to synchronously load lazily loaded font '../../../Engine/Content/Slate/Fonts/Roboto-Bold.ttf' (160K)
[2019.10.17-02.59.46:417][  0]LogSlate: Took 0.000170 seconds to synchronously load lazily loaded font '../../../Engine/Content/Editor/Slate/Fonts/FontAwesome.ttf' (139K)
[2019.10.17-02.59.46:483][  0]LogRenderer: Reallocating scene render targets to support 1208x536 Format 10 NumSamples 1 (Frame:1).
[2019.10.17-02.59.46:733][  0]LogSlate: Took 0.000135 seconds to synchronously load lazily loaded font '../../../Engine/Content/Slate/Fonts/Roboto-Light.ttf' (167K)
[2019.10.17-02.59.46:842][  0]LogContentBrowser: Native class hierarchy updated for 'HierarchicalLODOutliner' in 0.0004 seconds. Added 0 classes and 0 folders.
[2019.10.17-02.59.46:842][  0]LogLoad: (Engine Initialization) Total time: 16.79 seconds
[2019.10.17-02.59.46:842][  0]LogLoad: (Engine Initialization) Total Blueprint compile time: 0.00 seconds
[2019.10.17-02.59.46:874][  0]LogWindowsTextInputMethodSystem: Display: IME system now activated using TSF (微软拼音).
[2019.10.17-02.59.46:881][  0]RenderDocPlugin: Creating dummy input device (for intercepting engine ticks)
[2019.10.17-02.59.46:986][  0]LogAssetRegistry: Asset discovery search completed in 12.3642 seconds
[2019.10.17-02.59.46:991][  0]LogCollectionManager: Rebuilt the object cache for 0 collections in 0.000004 seconds (found 0 objects)
[2019.10.17-02.59.46:991][  0]LogCollectionManager: Fixed up redirectors for 0 collections in 0.000243 seconds (updated 0 objects)
[2019.10.17-02.59.46:992][  0]LogContentStreaming: Texture pool size now 1000 MB
[2019.10.17-02.59.47:009][  1]LogD3D11RHI: Error: NvAPI is not available under RenderDoc
[2019.10.17-02.59.50:940][207]LogSlate: FSceneViewport::OnFocusLost() reason 0
[2019.10.17-02.59.51:104][226]LogSlate: Took 0.000231 seconds to synchronously load lazily loaded font '../../../Engine/Content/Slate/Fonts/Roboto-Light.ttf' (167K)
[2019.10.17-02.59.51:113][226]LogAssetEditorManager: Opening Asset editor for Blueprint /Game/NewBlueprint.NewBlueprint
[2019.10.17-02.59.51:336][226]LogContentBrowser: Native class hierarchy updated for 'BlueprintGraph' in 0.0011 seconds. Added 121 classes and 0 folders.
[2019.10.17-02.59.52:052][226]LogSlate: Took 0.000309 seconds to synchronously load lazily loaded font '../../../Engine/Content/Slate/Fonts/Roboto-BoldCondensed.ttf' (158K)
[2019.10.17-02.59.53:640][407]LogSlate: Window 'NewBlueprint' being destroyed
[2019.10.17-02.59.53:645][407]LogSlate: Window 'NewBlueprint' being destroyed
[2019.10.17-02.59.53:646][407]LogWorld: UWorld::CleanupWorld for World_1, bSessionEnded=true, bCleanupResources=true
[2019.10.17-02.59.54:741][533]LogTemp: Repeating last play command: 选中的视口
[2019.10.17-02.59.54:748][533]LogBlueprintUserMessages: Early PlayInEditor Detection: Level '/Game/StarterContent/Maps/Minimal_Default.Minimal_Default:PersistentLevel' has LevelScriptBlueprint '/Game/StarterContent/Maps/Minimal_Default.Minimal_Default:PersistentLevel.Minimal_Default' with GeneratedClass '/Game/StarterContent/Maps/Minimal_Default.Minimal_Default_C' with ClassGeneratedBy '/Game/StarterContent/Maps/Minimal_Default.Minimal_Default:PersistentLevel.Minimal_Default'
[2019.10.17-02.59.54:749][533]LogPlayLevel: PlayLevel: No blueprints needed recompiling
[2019.10.17-02.59.54:749][533]PIE: New page: PIE会话：Minimal_Default（2019年10月17日 下午6:59:54）
[2019.10.17-02.59.54:752][533]LogOnline: OSS: Creating online subsystem instance for: NULL
[2019.10.17-02.59.54:754][533]LogPlayLevel: Creating play world package: /Game/StarterContent/Maps/UEDPIE_0_Minimal_Default
[2019.10.17-02.59.54:758][533]LogPlayLevel: PIE: StaticDuplicateObject took: (0.002920s)
[2019.10.17-02.59.54:759][533]LogAIModule: Creating AISystem for world Minimal_Default
[2019.10.17-02.59.54:759][533]LogPlayLevel: PIE: World Init took: (0.001268s)
[2019.10.17-02.59.54:759][533]LogPlayLevel: PIE: Created PIE world by copying editor world from /Game/StarterContent/Maps/Minimal_Default.Minimal_Default to /Game/StarterContent/Maps/UEDPIE_0_Minimal_Default.Minimal_Default (0.004963s)
[2019.10.17-02.59.54:792][533]LogUObjectHash: Compacting FUObjectHashTables data took   2.67ms
[2019.10.17-02.59.54:823][533]LogInit: XAudio2 using '扬声器 (Realtek High Definition Audio)' : 2 channels at 48 kHz using 32 bits per sample (channel mask 0x3)
[2019.10.17-02.59.54:846][533]LogInit: FAudioDevice initialized.
[2019.10.17-02.59.54:866][533]LogUObjectGlobals: Warning: 寻找对象“Class /Script/RenderLearn423.RenderLearn423GameMode”失败
[2019.10.17-02.59.54:866][533]LogLoad: Game class is 'GameModeBase'
[2019.10.17-02.59.54:868][533]LogWorld: Bringing World /Game/StarterContent/Maps/UEDPIE_0_Minimal_Default.Minimal_Default up for play (max tick rate 0) at 2019.10.17-10.59.54
[2019.10.17-02.59.54:868][533]LogWorld: Bringing up level for play took: 0.001364
[2019.10.17-02.59.54:869][533]LogOnline: OSS: Creating online subsystem instance for: :Context_3
[2019.10.17-02.59.54:878][533]LogContentBrowser: Native class hierarchy updated for 'MovieSceneCapture' in 0.0004 seconds. Added 20 classes and 0 folders.
[2019.10.17-02.59.54:879][533]PIE: /Game/StarterContent/Maps/UEDPIE_0_Minimal_Default在编辑器中运行的起始时间-0.209
[2019.10.17-02.59.54:880][533]LogBlueprintUserMessages: Late PlayInEditor Detection: Level '/Game/StarterContent/Maps/Minimal_Default.Minimal_Default:PersistentLevel' has LevelScriptBlueprint '/Game/StarterContent/Maps/Minimal_Default.Minimal_Default:PersistentLevel.Minimal_Default' with GeneratedClass '/Game/StarterContent/Maps/Minimal_Default.Minimal_Default_C' with ClassGeneratedBy '/Game/StarterContent/Maps/Minimal_Default.Minimal_Default:PersistentLevel.Minimal_Default'
[2019.10.17-02.59.54:974][533]LogSlate: Last resort fallback font was requested. Font: '/Engine/EngineFonts/Faces/RobotoRegular.RobotoRegular', Character: '光 (U+5149)'
[2019.10.17-02.59.54:978][533]LogSlate: Took 0.002097 seconds to synchronously load lazily loaded font '../../../Engine/Content/SlateDebug/Fonts/LastResort.ttf' (5269K)
